<?xml version="1.0" encoding="UTF-8"?>
<testsuites name="test align" time="5.582" tests="1" passed="0" failures="1" errors="0" incompleted="0" skipped="0">
   <testsuite name="test align" tests="1" passed="0" failures="1" errors="0" incompleted="0" skipped="0" time="5.582" timestamp="2026-07-01T08:41:45.980Z" hostname="nhi.ly - 10.18.43.102" id="Test Suites/test align" status="FAILED">
      <properties>
[...]
</properties>
      <testcase name="Test Cases/Verify Correct Alarm Message 01" time="0.918" classname="Test Cases/Verify Correct Alarm Message 01" status="FAILED">
         <failure type="FAILED" message="Test Cases/Verify Correct Alarm Message 01 FAILED.&#xa;Reason:&#xa;com.kms.katalon.core.exception.StepFailedException: Unable to start application: '/Users/nhi.ly/Documents/Work/Repository_Katalon/Protected-Repository/androidapp/APIDemos.apk'&#xa;	at com.kms.katalon.core.mobile.keyword.internal.MobileKeywordMain.stepFailed(MobileKeywordMain.groovy:65)&#xa;	at com.kms.katalon.core.mobile.keyword.internal.MobileKeywordMain.runKeyword(MobileKeywordMain.groovy:34)&#xa;	at com.kms.katalon.core.mobile.keyword.builtin.StartApplicationKeyword.startApplication(StartApplicationKeyword.groovy:91)&#xa;	at com.kms.katalon.core.mobile.keyword.builtin.StartApplicationKeyword.execute(StartApplicationKeyword.groovy:48)&#xa;	at com.kms.katalon.core.keyword.internal.KeywordExecutor.executeKeywordForPlatform(KeywordExecutor.groovy:104)&#xa;	at com.kms.katalon.core.mobile.keyword.MobileBuiltInKeywords.startApplication(MobileBuiltInKeywords.groovy:52)&#xa;	at Verify Correct Alarm Message 01.run(Verify Correct Alarm Message 01:28)&#xa;	at com.kms.katalon.core.main.ScriptEngine.run(ScriptEngine.java:203)&#xa;	at com.kms.katalon.core.main.ScriptEngine.runScriptAsRawText(ScriptEngine.java:115)&#xa;	at com.kms.katalon.core.main.TestCaseExecutor.runScript(TestCaseExecutor.java:506)&#xa;	at com.kms.katalon.core.main.TestCaseExecutor.doExecute(TestCaseExecutor.java:497)&#xa;	at com.kms.katalon.core.main.TestCaseExecutor.processExecutionPhase(TestCaseExecutor.java:476)&#xa;	at com.kms.katalon.core.main.TestCaseExecutor.accessMainPhase(TestCaseExecutor.java:468)&#xa;	at com.kms.katalon.core.main.TestCaseExecutor.execute(TestCaseExecutor.java:334)&#xa;	at com.kms.katalon.core.main.TestCaseExecutor.execute(TestCaseExecutor.java:426)&#xa;	at com.kms.katalon.core.main.TestCaseExecutor.execute(TestCaseExecutor.java:426)&#xa;	at com.kms.katalon.core.main.TestCaseExecutor.execute(TestCaseExecutor.java:426)&#xa;	at com.kms.katalon.core.common.CommonExecutor.accessTestCaseMainPhase(CommonExecutor.java:71)&#xa;	at com.kms.katalon.core.main.TestSuiteExecutor.accessTestSuiteMainPhase(TestSuiteExecutor.java:153)&#xa;	at com.kms.katalon.core.main.TestSuiteExecutor.execute(TestSuiteExecutor.java:110)&#xa;	at com.kms.katalon.core.main.TestCaseMain.startTestSuite(TestCaseMain.java:206)&#xa;	at S0701_16.run(S0701_16.groovy:40)&#xa;	at java.base/jdk.internal.reflect.DirectMethodHandleAccessor.invoke(DirectMethodHandleAccessor.java:103)&#xa;Caused by: org.openqa.selenium.SessionNotCreatedException: Could not start a new session. Response code 500. Message: failed to create session: {&quot;message&quot;:&quot;App is not valid&quot;} &#xa;Host info: host: 'nhi.ly-Q05N', ip: 'fe80:0:0:0:c4d:c82a:eedd:8fb4%en0'&#xa;Build info: version: '4.39.0', revision: '126f156aee'&#xa;System info: os.name: 'Mac OS X', os.arch: 'aarch64', os.version: '15.7.4', java.version: '21.0.9'&#xa;Driver info: io.appium.java_client.ios.IOSDriver&#xa;Command: [null, newSession {capabilities=[Capabilities {appium:app: /Users/nhi.ly/Documents/Wor..., appium:deviceName: Any iPhone, appium:platformVersion: 26, browserName: safari, browserVersion: latest, katalon:options: {appiumClientVersion: 10.0.0, executionMode: queue, metadata: {accountId: 2006120, channel: kse;v=11.3.0, organizationId: 500493, projectId: 546168, testOpsExecutionId: fdc63482-c895-47e3-bf0d-d34...}, usingTunnel: false}, platformName: IOS}]}]&#xa;Capabilities {appium:app: /Users/nhi.ly/Documents/Wor..., appium:deviceName: Any iPhone, appium:platformVersion: 26, browserName: safari, browserVersion: latest, katalon:options: {appiumClientVersion: 10.0.0, executionMode: queue, metadata: {accountId: 2006120, channel: kse;v=11.3.0, organizationId: 500493, projectId: 546168, testOpsExecutionId: fdc63482-c895-47e3-bf0d-d34...}, usingTunnel: false}, platformName: IOS}&#xa;	at org.openqa.selenium.remote.ProtocolHandshake.createSession(ProtocolHandshake.java:114)&#xa;	at org.openqa.selenium.remote.ProtocolHandshake.createSession(ProtocolHandshake.java:75)&#xa;	at org.openqa.selenium.remote.ProtocolHandshake.createSession(ProtocolHandshake.java:61)&#xa;	at io.appium.java_client.remote.AppiumCommandExecutor.createSession(AppiumCommandExecutor.java:178)&#xa;	at io.appium.java_client.remote.AppiumCommandExecutor.execute(AppiumCommandExecutor.java:243)&#xa;	at org.openqa.selenium.remote.RemoteWebDriver.execute(RemoteWebDriver.java:561)&#xa;	at io.appium.java_client.AppiumDriver.startSession(AppiumDriver.java:308)&#xa;	at org.openqa.selenium.remote.RemoteWebDriver.&lt;init>(RemoteWebDriver.java:178)&#xa;	at io.appium.java_client.AppiumDriver.&lt;init>(AppiumDriver.java:98)&#xa;	at io.appium.java_client.ios.IOSDriver.&lt;init>(IOSDriver.java:90)&#xa;	at com.kms.katalon.core.appium.driver.AppiumDriverManager.createMobileDriver(AppiumDriverManager.java:653)&#xa;	at com.kms.katalon.core.mobile.keyword.internal.MobileDriverFactory.startRemoteMobileDriver(MobileDriverFactory.java:718)&#xa;	at com.kms.katalon.core.mobile.keyword.internal.MobileDriverFactory.startMobileDriver(MobileDriverFactory.java:569)&#xa;	at com.kms.katalon.core.mobile.keyword.builtin.StartApplicationKeyword$_startApplication_closure1.doCall(StartApplicationKeyword.groovy:89)&#xa;	at com.kms.katalon.core.mobile.keyword.builtin.StartApplicationKeyword$_startApplication_closure1.call(StartApplicationKeyword.groovy)&#xa;	at com.kms.katalon.core.mobile.keyword.internal.MobileKeywordMain.runKeyword(MobileKeywordMain.groovy:30)&#xa;	... 21 more&#xa;"/>
         <system-out><![CDATA[01-07-2026T15:41:50 - [TEST_CASE][FAILED] - Test Cases/Verify Correct Alarm Message 01: Test Cases/Verify Correct Alarm Message 01 FAILED.
Reason:
com.kms.katalon.core.exception.StepFailedException: Unable to start application: '/Users/nhi.ly/Documents/Work/Repository_Katalon/Protected-Repository/androidapp/APIDemos.apk'
	at com.kms.katalon.core.mobile.keyword.internal.MobileKeywordMain.stepFailed(MobileKeywordMain.groovy:65)
	at com.kms.katalon.core.mobile.keyword.internal.MobileKeywordMain.runKeyword(MobileKeywordMain.groovy:34)
	at com.kms.katalon.core.mobile.keyword.builtin.StartApplicationKeyword.startApplication(StartApplicationKeyword.groovy:91)
	at com.kms.katalon.core.mobile.keyword.builtin.StartApplicationKeyword.execute(StartApplicationKeyword.groovy:48)
	at com.kms.katalon.core.keyword.internal.KeywordExecutor.executeKeywordForPlatform(KeywordExecutor.groovy:104)
	at com.kms.katalon.core.mobile.keyword.MobileBuiltInKeywords.startApplication(MobileBuiltInKeywords.groovy:52)
	at Verify Correct Alarm Message 01.run(Verify Correct Alarm Message 01:28)
	at com.kms.katalon.core.main.ScriptEngine.run(ScriptEngine.java:203)
	at com.kms.katalon.core.main.ScriptEngine.runScriptAsRawText(ScriptEngine.java:115)
	at com.kms.katalon.core.main.TestCaseExecutor.runScript(TestCaseExecutor.java:506)
	at com.kms.katalon.core.main.TestCaseExecutor.doExecute(TestCaseExecutor.java:497)
	at com.kms.katalon.core.main.TestCaseExecutor.processExecutionPhase(TestCaseExecutor.java:476)
	at com.kms.katalon.core.main.TestCaseExecutor.accessMainPhase(TestCaseExecutor.java:468)
	at com.kms.katalon.core.main.TestCaseExecutor.execute(TestCaseExecutor.java:334)
	at com.kms.katalon.core.main.TestCaseExecutor.execute(TestCaseExecutor.java:426)
	at com.kms.katalon.core.main.TestCaseExecutor.execute(TestCaseExecutor.java:426)
	at com.kms.katalon.core.main.TestCaseExecutor.execute(TestCaseExecutor.java:426)
	at com.kms.katalon.core.common.CommonExecutor.accessTestCaseMainPhase(CommonExecutor.java:71)
	at com.kms.katalon.core.main.TestSuiteExecutor.accessTestSuiteMainPhase(TestSuiteExecutor.java:153)
	at com.kms.katalon.core.main.TestSuiteExecutor.execute(TestSuiteExecutor.java:110)
	at com.kms.katalon.core.main.TestCaseMain.startTestSuite(TestCaseMain.java:206)
	at S0701_16.run(S0701_16.groovy:40)
	at java.base/jdk.internal.reflect.DirectMethodHandleAccessor.invoke(DirectMethodHandleAccessor.java:103)
Caused by: org.openqa.selenium.SessionNotCreatedException: Could not start a new session. Response code 500. Message: failed to create session: {"message":"App is not valid"} 
Host info: host: 'nhi.ly-Q05N', ip: 'fe80:0:0:0:c4d:c82a:eedd:8fb4%en0'
Build info: version: '4.39.0', revision: '126f156aee'
System info: os.name: 'Mac OS X', os.arch: 'aarch64', os.version: '15.7.4', java.version: '21.0.9'
Driver info: io.appium.java_client.ios.IOSDriver
Command: [null, newSession {capabilities=[Capabilities {appium:app: /Users/nhi.ly/Documents/Wor..., appium:deviceName: Any iPhone, appium:platformVersion: 26, browserName: safari, browserVersion: latest, katalon:options: {appiumClientVersion: 10.0.0, executionMode: queue, metadata: {accountId: 2006120, channel: kse;v=11.3.0, organizationId: 500493, projectId: 546168, testOpsExecutionId: fdc63482-c895-47e3-bf0d-d34...}, usingTunnel: false}, platformName: IOS}]}]
Capabilities {appium:app: /Users/nhi.ly/Documents/Wor..., appium:deviceName: Any iPhone, appium:platformVersion: 26, browserName: safari, browserVersion: latest, katalon:options: {appiumClientVersion: 10.0.0, executionMode: queue, metadata: {accountId: 2006120, channel: kse;v=11.3.0, organizationId: 500493, projectId: 546168, testOpsExecutionId: fdc63482-c895-47e3-bf0d-d34...}, usingTunnel: false}, platformName: IOS}
	at org.openqa.selenium.remote.ProtocolHandshake.createSession(ProtocolHandshake.java:114)
	at org.openqa.selenium.remote.ProtocolHandshake.createSession(ProtocolHandshake.java:75)
	at org.openqa.selenium.remote.ProtocolHandshake.createSession(ProtocolHandshake.java:61)
	at io.appium.java_client.remote.AppiumCommandExecutor.createSession(AppiumCommandExecutor.java:178)
	at io.appium.java_client.remote.AppiumCommandExecutor.execute(AppiumCommandExecutor.java:243)
	at org.openqa.selenium.remote.RemoteWebDriver.execute(RemoteWebDriver.java:561)
	at io.appium.java_client.AppiumDriver.startSession(AppiumDriver.java:308)
	at org.openqa.selenium.remote.RemoteWebDriver.<init>(RemoteWebDriver.java:178)
	at io.appium.java_client.AppiumDriver.<init>(AppiumDriver.java:98)
	at io.appium.java_client.ios.IOSDriver.<init>(IOSDriver.java:90)
	at com.kms.katalon.core.appium.driver.AppiumDriverManager.createMobileDriver(AppiumDriverManager.java:653)
	at com.kms.katalon.core.mobile.keyword.internal.MobileDriverFactory.startRemoteMobileDriver(MobileDriverFactory.java:718)
	at com.kms.katalon.core.mobile.keyword.internal.MobileDriverFactory.startMobileDriver(MobileDriverFactory.java:569)
	at com.kms.katalon.core.mobile.keyword.builtin.StartApplicationKeyword$_startApplication_closure1.doCall(StartApplicationKeyword.groovy:89)
	at com.kms.katalon.core.mobile.keyword.builtin.StartApplicationKeyword$_startApplication_closure1.call(StartApplicationKeyword.groovy)
	at com.kms.katalon.core.mobile.keyword.internal.MobileKeywordMain.runKeyword(MobileKeywordMain.groovy:30)
	... 21 more


01-07-2026T15:41:50 - [TEST_STEP][PASSED] - comment("Story: Update text message"): Story: Update text message

01-07-2026T15:41:50 - [MESSAGE][INFO] - Story: Update text message

01-07-2026T15:41:50 - [TEST_STEP][PASSED] - comment("Mobile testing information"): Mobile testing information

01-07-2026T15:41:50 - [MESSAGE][INFO] - Mobile testing information

01-07-2026T15:41:50 - [TEST_STEP][PASSED] - appPath = relativeToAbsolutePath(G_AppPath, getProjectDir()): null

01-07-2026T15:41:50 - [TEST_STEP][FAILED] - startApplication(appPath, false): Unable to start application: '/Users/nhi.ly/Documents/Work/Repository_Katalon/Protected-Repository/androidapp/APIDemos.apk' (Root cause: com.kms.katalon.core.exception.StepFailedException: Unable to start application: '/Users/nhi.ly/Documents/Work/Repository_Katalon/Protected-Repository/androidapp/APIDemos.apk'
	at com.kms.katalon.core.mobile.keyword.internal.MobileKeywordMain.stepFailed(MobileKeywordMain.groovy:65)
	at com.kms.katalon.core.mobile.keyword.internal.MobileKeywordMain.runKeyword(MobileKeywordMain.groovy:34)
	at com.kms.katalon.core.mobile.keyword.builtin.StartApplicationKeyword.startApplication(StartApplicationKeyword.groovy:91)
	at com.kms.katalon.core.mobile.keyword.builtin.StartApplicationKeyword.execute(StartApplicationKeyword.groovy:48)
	at com.kms.katalon.core.keyword.internal.KeywordExecutor.executeKeywordForPlatform(KeywordExecutor.groovy:104)
	at com.kms.katalon.core.mobile.keyword.MobileBuiltInKeywords.startApplication(MobileBuiltInKeywords.groovy:52)
	at Verify Correct Alarm Message 01.run(Verify Correct Alarm Message 01:28)
	at com.kms.katalon.core.main.ScriptEngine.run(ScriptEngine.java:203)
	at com.kms.katalon.core.main.ScriptEngine.runScriptAsRawText(ScriptEngine.java:115)
	at com.kms.katalon.core.main.TestCaseExecutor.runScript(TestCaseExecutor.java:506)
	at com.kms.katalon.core.main.TestCaseExecutor.doExecute(TestCaseExecutor.java:497)
	at com.kms.katalon.core.main.TestCaseExecutor.processExecutionPhase(TestCaseExecutor.java:476)
	at com.kms.katalon.core.main.TestCaseExecutor.accessMainPhase(TestCaseExecutor.java:468)
	at com.kms.katalon.core.main.TestCaseExecutor.execute(TestCaseExecutor.java:334)
	at com.kms.katalon.core.main.TestCaseExecutor.execute(TestCaseExecutor.java:426)
	at com.kms.katalon.core.main.TestCaseExecutor.execute(TestCaseExecutor.java:426)
	at com.kms.katalon.core.main.TestCaseExecutor.execute(TestCaseExecutor.java:426)
	at com.kms.katalon.core.common.CommonExecutor.accessTestCaseMainPhase(CommonExecutor.java:71)
	at com.kms.katalon.core.main.TestSuiteExecutor.accessTestSuiteMainPhase(TestSuiteExecutor.java:153)
	at com.kms.katalon.core.main.TestSuiteExecutor.execute(TestSuiteExecutor.java:110)
	at com.kms.katalon.core.main.TestCaseMain.startTestSuite(TestCaseMain.java:206)
	at S0701_16.run(S0701_16.groovy:40)
	at java.base/jdk.internal.reflect.DirectMethodHandleAccessor.invoke(DirectMethodHandleAccessor.java:103)
Caused by: org.openqa.selenium.SessionNotCreatedException: Could not start a new session. Response code 500. Message: failed to create session: {"message":"App is not valid"} 
Host info: host: 'nhi.ly-Q05N', ip: 'fe80:0:0:0:c4d:c82a:eedd:8fb4%en0'
Build info: version: '4.39.0', revision: '126f156aee'
System info: os.name: 'Mac OS X', os.arch: 'aarch64', os.version: '15.7.4', java.version: '21.0.9'
Driver info: io.appium.java_client.ios.IOSDriver
Command: [null, newSession {capabilities=[Capabilities {appium:app: /Users/nhi.ly/Documents/Wor..., appium:deviceName: Any iPhone, appium:platformVersion: 26, browserName: safari, browserVersion: latest, katalon:options: {appiumClientVersion: 10.0.0, executionMode: queue, metadata: {accountId: 2006120, channel: kse;v=11.3.0, organizationId: 500493, projectId: 546168, testOpsExecutionId: fdc63482-c895-47e3-bf0d-d34...}, usingTunnel: false}, platformName: IOS}]}]
Capabilities {appium:app: /Users/nhi.ly/Documents/Wor..., appium:deviceName: Any iPhone, appium:platformVersion: 26, browserName: safari, browserVersion: latest, katalon:options: {appiumClientVersion: 10.0.0, executionMode: queue, metadata: {accountId: 2006120, channel: kse;v=11.3.0, organizationId: 500493, projectId: 546168, testOpsExecutionId: fdc63482-c895-47e3-bf0d-d34...}, usingTunnel: false}, platformName: IOS}
	at org.openqa.selenium.remote.ProtocolHandshake.createSession(ProtocolHandshake.java:114)
	at org.openqa.selenium.remote.ProtocolHandshake.createSession(ProtocolHandshake.java:75)
	at org.openqa.selenium.remote.ProtocolHandshake.createSession(ProtocolHandshake.java:61)
	at io.appium.java_client.remote.AppiumCommandExecutor.createSession(AppiumCommandExecutor.java:178)
	at io.appium.java_client.remote.AppiumCommandExecutor.execute(AppiumCommandExecutor.java:243)
	at org.openqa.selenium.remote.RemoteWebDriver.execute(RemoteWebDriver.java:561)
	at io.appium.java_client.AppiumDriver.startSession(AppiumDriver.java:308)
	at org.openqa.selenium.remote.RemoteWebDriver.<init>(RemoteWebDriver.java:178)
	at io.appium.java_client.AppiumDriver.<init>(AppiumDriver.java:98)
	at io.appium.java_client.ios.IOSDriver.<init>(IOSDriver.java:90)
	at com.kms.katalon.core.appium.driver.AppiumDriverManager.createMobileDriver(AppiumDriverManager.java:653)
	at com.kms.katalon.core.mobile.keyword.internal.MobileDriverFactory.startRemoteMobileDriver(MobileDriverFactory.java:718)
	at com.kms.katalon.core.mobile.keyword.internal.MobileDriverFactory.startMobileDriver(MobileDriverFactory.java:569)
	at com.kms.katalon.core.mobile.keyword.builtin.StartApplicationKeyword$_startApplication_closure1.doCall(StartApplicationKeyword.groovy:89)
	at com.kms.katalon.core.mobile.keyword.builtin.StartApplicationKeyword$_startApplication_closure1.call(StartApplicationKeyword.groovy)
	at com.kms.katalon.core.mobile.keyword.internal.MobileKeywordMain.runKeyword(MobileKeywordMain.groovy:30)
	at com.kms.katalon.core.mobile.keyword.builtin.StartApplicationKeyword.startApplication(StartApplicationKeyword.groovy:91)
	at com.kms.katalon.core.mobile.keyword.builtin.StartApplicationKeyword.execute(StartApplicationKeyword.groovy:48)
	at com.kms.katalon.core.keyword.internal.KeywordExecutor.executeKeywordForPlatform(KeywordExecutor.groovy:104)
	at com.kms.katalon.core.mobile.keyword.MobileBuiltInKeywords.startApplication(MobileBuiltInKeywords.groovy:52)
	at Script1529986178839.run(Script1529986178839.groovy:28)
	... 16 more
)

01-07-2026T15:41:50 - [MESSAGE][INFO] - Starting application: '/Users/nhi.ly/Documents/Work/Repository_Katalon/Protected-Repository/androidapp/APIDemos.apk'

01-07-2026T15:41:51 - [MESSAGE][FAILED] - Unable to start application: '/Users/nhi.ly/Documents/Work/Repository_Katalon/Protected-Repository/androidapp/APIDemos.apk' (Root cause: com.kms.katalon.core.exception.StepFailedException: Unable to start application: '/Users/nhi.ly/Documents/Work/Repository_Katalon/Protected-Repository/androidapp/APIDemos.apk'
	at com.kms.katalon.core.mobile.keyword.internal.MobileKeywordMain.stepFailed(MobileKeywordMain.groovy:65)
	at com.kms.katalon.core.mobile.keyword.internal.MobileKeywordMain.runKeyword(MobileKeywordMain.groovy:34)
	at com.kms.katalon.core.mobile.keyword.builtin.StartApplicationKeyword.startApplication(StartApplicationKeyword.groovy:91)
	at com.kms.katalon.core.mobile.keyword.builtin.StartApplicationKeyword.execute(StartApplicationKeyword.groovy:48)
	at com.kms.katalon.core.keyword.internal.KeywordExecutor.executeKeywordForPlatform(KeywordExecutor.groovy:104)
	at com.kms.katalon.core.mobile.keyword.MobileBuiltInKeywords.startApplication(MobileBuiltInKeywords.groovy:52)
	at Verify Correct Alarm Message 01.run(Verify Correct Alarm Message 01:28)
	at com.kms.katalon.core.main.ScriptEngine.run(ScriptEngine.java:203)
	at com.kms.katalon.core.main.ScriptEngine.runScriptAsRawText(ScriptEngine.java:115)
	at com.kms.katalon.core.main.TestCaseExecutor.runScript(TestCaseExecutor.java:506)
	at com.kms.katalon.core.main.TestCaseExecutor.doExecute(TestCaseExecutor.java:497)
	at com.kms.katalon.core.main.TestCaseExecutor.processExecutionPhase(TestCaseExecutor.java:476)
	at com.kms.katalon.core.main.TestCaseExecutor.accessMainPhase(TestCaseExecutor.java:468)
	at com.kms.katalon.core.main.TestCaseExecutor.execute(TestCaseExecutor.java:334)
	at com.kms.katalon.core.main.TestCaseExecutor.execute(TestCaseExecutor.java:426)
	at com.kms.katalon.core.main.TestCaseExecutor.execute(TestCaseExecutor.java:426)
	at com.kms.katalon.core.main.TestCaseExecutor.execute(TestCaseExecutor.java:426)
	at com.kms.katalon.core.common.CommonExecutor.accessTestCaseMainPhase(CommonExecutor.java:71)
	at com.kms.katalon.core.main.TestSuiteExecutor.accessTestSuiteMainPhase(TestSuiteExecutor.java:153)
	at com.kms.katalon.core.main.TestSuiteExecutor.execute(TestSuiteExecutor.java:110)
	at com.kms.katalon.core.main.TestCaseMain.startTestSuite(TestCaseMain.java:206)
	at S0701_16.run(S0701_16.groovy:40)
	at java.base/jdk.internal.reflect.DirectMethodHandleAccessor.invoke(DirectMethodHandleAccessor.java:103)
Caused by: org.openqa.selenium.SessionNotCreatedException: Could not start a new session. Response code 500. Message: failed to create session: {"message":"App is not valid"} 
Host info: host: 'nhi.ly-Q05N', ip: 'fe80:0:0:0:c4d:c82a:eedd:8fb4%en0'
Build info: version: '4.39.0', revision: '126f156aee'
System info: os.name: 'Mac OS X', os.arch: 'aarch64', os.version: '15.7.4', java.version: '21.0.9'
Driver info: io.appium.java_client.ios.IOSDriver
Command: [null, newSession {capabilities=[Capabilities {appium:app: /Users/nhi.ly/Documents/Wor..., appium:deviceName: Any iPhone, appium:platformVersion: 26, browserName: safari, browserVersion: latest, katalon:options: {appiumClientVersion: 10.0.0, executionMode: queue, metadata: {accountId: 2006120, channel: kse;v=11.3.0, organizationId: 500493, projectId: 546168, testOpsExecutionId: fdc63482-c895-47e3-bf0d-d34...}, usingTunnel: false}, platformName: IOS}]}]
Capabilities {appium:app: /Users/nhi.ly/Documents/Wor..., appium:deviceName: Any iPhone, appium:platformVersion: 26, browserName: safari, browserVersion: latest, katalon:options: {appiumClientVersion: 10.0.0, executionMode: queue, metadata: {accountId: 2006120, channel: kse;v=11.3.0, organizationId: 500493, projectId: 546168, testOpsExecutionId: fdc63482-c895-47e3-bf0d-d34...}, usingTunnel: false}, platformName: IOS}
	at org.openqa.selenium.remote.ProtocolHandshake.createSession(ProtocolHandshake.java:114)
	at org.openqa.selenium.remote.ProtocolHandshake.createSession(ProtocolHandshake.java:75)
	at org.openqa.selenium.remote.ProtocolHandshake.createSession(ProtocolHandshake.java:61)
	at io.appium.java_client.remote.AppiumCommandExecutor.createSession(AppiumCommandExecutor.java:178)
	at io.appium.java_client.remote.AppiumCommandExecutor.execute(AppiumCommandExecutor.java:243)
	at org.openqa.selenium.remote.RemoteWebDriver.execute(RemoteWebDriver.java:561)
	at io.appium.java_client.AppiumDriver.startSession(AppiumDriver.java:308)
	at org.openqa.selenium.remote.RemoteWebDriver.<init>(RemoteWebDriver.java:178)
	at io.appium.java_client.AppiumDriver.<init>(AppiumDriver.java:98)
	at io.appium.java_client.ios.IOSDriver.<init>(IOSDriver.java:90)
	at com.kms.katalon.core.appium.driver.AppiumDriverManager.createMobileDriver(AppiumDriverManager.java:653)
	at com.kms.katalon.core.mobile.keyword.internal.MobileDriverFactory.startRemoteMobileDriver(MobileDriverFactory.java:718)
	at com.kms.katalon.core.mobile.keyword.internal.MobileDriverFactory.startMobileDriver(MobileDriverFactory.java:569)
	at com.kms.katalon.core.mobile.keyword.builtin.StartApplicationKeyword$_startApplication_closure1.doCall(StartApplicationKeyword.groovy:89)
	at com.kms.katalon.core.mobile.keyword.builtin.StartApplicationKeyword$_startApplication_closure1.call(StartApplicationKeyword.groovy)
	at com.kms.katalon.core.mobile.keyword.internal.MobileKeywordMain.runKeyword(MobileKeywordMain.groovy:30)
	at com.kms.katalon.core.mobile.keyword.builtin.StartApplicationKeyword.startApplication(StartApplicationKeyword.groovy:91)
	at com.kms.katalon.core.mobile.keyword.builtin.StartApplicationKeyword.execute(StartApplicationKeyword.groovy:48)
	at com.kms.katalon.core.keyword.internal.KeywordExecutor.executeKeywordForPlatform(KeywordExecutor.groovy:104)
	at com.kms.katalon.core.mobile.keyword.MobileBuiltInKeywords.startApplication(MobileBuiltInKeywords.groovy:52)
	at Script1529986178839.run(Script1529986178839.groovy:28)
	... 16 more
)]]></system-out>
         <system-err><![CDATA[01-07-2026T15:41:50 - [TEST_CASE][FAILED] - Test Cases/Verify Correct Alarm Message 01: Test Cases/Verify Correct Alarm Message 01 FAILED.
Reason:
com.kms.katalon.core.exception.StepFailedException: Unable to start application: '/Users/nhi.ly/Documents/Work/Repository_Katalon/Protected-Repository/androidapp/APIDemos.apk'
	at com.kms.katalon.core.mobile.keyword.internal.MobileKeywordMain.stepFailed(MobileKeywordMain.groovy:65)
	at com.kms.katalon.core.mobile.keyword.internal.MobileKeywordMain.runKeyword(MobileKeywordMain.groovy:34)
	at com.kms.katalon.core.mobile.keyword.builtin.StartApplicationKeyword.startApplication(StartApplicationKeyword.groovy:91)
	at com.kms.katalon.core.mobile.keyword.builtin.StartApplicationKeyword.execute(StartApplicationKeyword.groovy:48)
	at com.kms.katalon.core.keyword.internal.KeywordExecutor.executeKeywordForPlatform(KeywordExecutor.groovy:104)
	at com.kms.katalon.core.mobile.keyword.MobileBuiltInKeywords.startApplication(MobileBuiltInKeywords.groovy:52)
	at Verify Correct Alarm Message 01.run(Verify Correct Alarm Message 01:28)
	at com.kms.katalon.core.main.ScriptEngine.run(ScriptEngine.java:203)
	at com.kms.katalon.core.main.ScriptEngine.runScriptAsRawText(ScriptEngine.java:115)
	at com.kms.katalon.core.main.TestCaseExecutor.runScript(TestCaseExecutor.java:506)
	at com.kms.katalon.core.main.TestCaseExecutor.doExecute(TestCaseExecutor.java:497)
	at com.kms.katalon.core.main.TestCaseExecutor.processExecutionPhase(TestCaseExecutor.java:476)
	at com.kms.katalon.core.main.TestCaseExecutor.accessMainPhase(TestCaseExecutor.java:468)
	at com.kms.katalon.core.main.TestCaseExecutor.execute(TestCaseExecutor.java:334)
	at com.kms.katalon.core.main.TestCaseExecutor.execute(TestCaseExecutor.java:426)
	at com.kms.katalon.core.main.TestCaseExecutor.execute(TestCaseExecutor.java:426)
	at com.kms.katalon.core.main.TestCaseExecutor.execute(TestCaseExecutor.java:426)
	at com.kms.katalon.core.common.CommonExecutor.accessTestCaseMainPhase(CommonExecutor.java:71)
	at com.kms.katalon.core.main.TestSuiteExecutor.accessTestSuiteMainPhase(TestSuiteExecutor.java:153)
	at com.kms.katalon.core.main.TestSuiteExecutor.execute(TestSuiteExecutor.java:110)
	at com.kms.katalon.core.main.TestCaseMain.startTestSuite(TestCaseMain.java:206)
	at S0701_16.run(S0701_16.groovy:40)
	at java.base/jdk.internal.reflect.DirectMethodHandleAccessor.invoke(DirectMethodHandleAccessor.java:103)
Caused by: org.openqa.selenium.SessionNotCreatedException: Could not start a new session. Response code 500. Message: failed to create session: {"message":"App is not valid"} 
Host info: host: 'nhi.ly-Q05N', ip: 'fe80:0:0:0:c4d:c82a:eedd:8fb4%en0'
Build info: version: '4.39.0', revision: '126f156aee'
System info: os.name: 'Mac OS X', os.arch: 'aarch64', os.version: '15.7.4', java.version: '21.0.9'
Driver info: io.appium.java_client.ios.IOSDriver
Command: [null, newSession {capabilities=[Capabilities {appium:app: /Users/nhi.ly/Documents/Wor..., appium:deviceName: Any iPhone, appium:platformVersion: 26, browserName: safari, browserVersion: latest, katalon:options: {appiumClientVersion: 10.0.0, executionMode: queue, metadata: {accountId: 2006120, channel: kse;v=11.3.0, organizationId: 500493, projectId: 546168, testOpsExecutionId: fdc63482-c895-47e3-bf0d-d34...}, usingTunnel: false}, platformName: IOS}]}]
Capabilities {appium:app: /Users/nhi.ly/Documents/Wor..., appium:deviceName: Any iPhone, appium:platformVersion: 26, browserName: safari, browserVersion: latest, katalon:options: {appiumClientVersion: 10.0.0, executionMode: queue, metadata: {accountId: 2006120, channel: kse;v=11.3.0, organizationId: 500493, projectId: 546168, testOpsExecutionId: fdc63482-c895-47e3-bf0d-d34...}, usingTunnel: false}, platformName: IOS}
	at org.openqa.selenium.remote.ProtocolHandshake.createSession(ProtocolHandshake.java:114)
	at org.openqa.selenium.remote.ProtocolHandshake.createSession(ProtocolHandshake.java:75)
	at org.openqa.selenium.remote.ProtocolHandshake.createSession(ProtocolHandshake.java:61)
	at io.appium.java_client.remote.AppiumCommandExecutor.createSession(AppiumCommandExecutor.java:178)
	at io.appium.java_client.remote.AppiumCommandExecutor.execute(AppiumCommandExecutor.java:243)
	at org.openqa.selenium.remote.RemoteWebDriver.execute(RemoteWebDriver.java:561)
	at io.appium.java_client.AppiumDriver.startSession(AppiumDriver.java:308)
	at org.openqa.selenium.remote.RemoteWebDriver.<init>(RemoteWebDriver.java:178)
	at io.appium.java_client.AppiumDriver.<init>(AppiumDriver.java:98)
	at io.appium.java_client.ios.IOSDriver.<init>(IOSDriver.java:90)
	at com.kms.katalon.core.appium.driver.AppiumDriverManager.createMobileDriver(AppiumDriverManager.java:653)
	at com.kms.katalon.core.mobile.keyword.internal.MobileDriverFactory.startRemoteMobileDriver(MobileDriverFactory.java:718)
	at com.kms.katalon.core.mobile.keyword.internal.MobileDriverFactory.startMobileDriver(MobileDriverFactory.java:569)
	at com.kms.katalon.core.mobile.keyword.builtin.StartApplicationKeyword$_startApplication_closure1.doCall(StartApplicationKeyword.groovy:89)
	at com.kms.katalon.core.mobile.keyword.builtin.StartApplicationKeyword$_startApplication_closure1.call(StartApplicationKeyword.groovy)
	at com.kms.katalon.core.mobile.keyword.internal.MobileKeywordMain.runKeyword(MobileKeywordMain.groovy:30)
	... 21 more]]></system-err>
      </testcase>
      <system-out><![CDATA[01-07-2026T15:41:45 - [TEST_STEP][PASSED] - Start listener action : sampleBeforeTestSuite: null

01-07-2026T15:41:46 - [TEST_STEP][PASSED] - KatalonHelper.updateInfo(): null

01-07-2026T15:41:45 - [TEST_SUITE][FAILED] - test align: null]]></system-out>
      <system-err><![CDATA[01-07-2026T15:41:45 - [TEST_SUITE][FAILED] - test align: null]]></system-err>
   </testsuite>
</testsuites>
