<?xml version="1.0" encoding="UTF-8"?>
<testsuites name="test align" time="629.829" tests="1" passed="0" failures="1" errors="0" incompleted="0" skipped="0">
   <testsuite name="test align" tests="1" passed="0" failures="1" errors="0" incompleted="0" skipped="0" time="629.829" timestamp="2026-07-01T10:35:28.131Z" hostname="nhi.ly - 10.18.43.102" id="Test Suites/test align" status="FAILED">
      <properties>
[...]
</properties>
      <testcase name="Test Cases/Verify Correct Alarm Message 01" time="629.732" classname="Test Cases/Verify Correct Alarm Message 01" status="FAILED">
         <failure type="FAILED" message="Test Cases/Verify Correct Alarm Message 01 FAILED.&#xa;Reason:&#xa;com.kms.katalon.core.exception.StepFailedException: Failed to tap on element 'Object Repository/Application/App/android.widget.TextView - Activity'&#xa;	at com.kms.katalon.core.mobile.keyword.internal.MobileKeywordMain.stepFailed(MobileKeywordMain.groovy:65)&#xa;	at com.kms.katalon.core.mobile.keyword.internal.MobileKeywordMain.runKeyword(MobileKeywordMain.groovy:34)&#xa;	at com.kms.katalon.core.mobile.keyword.builtin.TapKeyword.tap(TapKeyword.groovy:56)&#xa;	at com.kms.katalon.core.mobile.keyword.builtin.TapKeyword.execute(TapKeyword.groovy:36)&#xa;	at com.kms.katalon.core.keyword.internal.KeywordExecutor.executeKeywordForPlatform(KeywordExecutor.groovy:104)&#xa;	at com.kms.katalon.core.mobile.keyword.MobileBuiltInKeywords.tap(MobileBuiltInKeywords.groovy:1618)&#xa;	at Verify Correct Alarm Message 01.run(Verify Correct Alarm Message 01:36)&#xa;	at com.kms.katalon.core.main.ScriptEngine.run(ScriptEngine.java:203)&#xa;	at com.kms.katalon.core.main.ScriptEngine.runScriptAsRawText(ScriptEngine.java:115)&#xa;	at com.kms.katalon.core.main.TestCaseExecutor.runScript(TestCaseExecutor.java:506)&#xa;	at com.kms.katalon.core.main.TestCaseExecutor.doExecute(TestCaseExecutor.java:497)&#xa;	at com.kms.katalon.core.main.TestCaseExecutor.processExecutionPhase(TestCaseExecutor.java:476)&#xa;	at com.kms.katalon.core.main.TestCaseExecutor.accessMainPhase(TestCaseExecutor.java:468)&#xa;	at com.kms.katalon.core.main.TestCaseExecutor.execute(TestCaseExecutor.java:334)&#xa;	at com.kms.katalon.core.common.CommonExecutor.accessTestCaseMainPhase(CommonExecutor.java:71)&#xa;	at com.kms.katalon.core.main.TestSuiteExecutor.accessTestSuiteMainPhase(TestSuiteExecutor.java:153)&#xa;	at com.kms.katalon.core.main.TestSuiteExecutor.execute(TestSuiteExecutor.java:110)&#xa;	at com.kms.katalon.core.main.TestCaseMain.startTestSuite(TestCaseMain.java:206)&#xa;	at S0701_3.run(S0701_3.groovy:40)&#xa;	at java.base/jdk.internal.reflect.DirectMethodHandleAccessor.invoke(DirectMethodHandleAccessor.java:103)&#xa;Caused by: org.openqa.selenium.WebDriverException: Unable to find the session info for particular sessionId b509c654-1189-46e1-ad3a-6f3645b9701d, maybe session has quit already or timed out.&#xa;Build info: version: '4.39.0', revision: '126f156aee'&#xa;System info: os.name: 'Mac OS X', os.arch: 'aarch64', os.version: '15.7.4', java.version: '21.0.9'&#xa;Driver info: io.appium.java_client.android.AndroidDriver&#xa;Command: [047956a4-59ce-4a37-85b1-2d0e2a7fea2b, getTimeouts {}]&#xa;Capabilities {appium:adbExecTimeout: 120000, appium:appActivity: io.appium.android.apis.ApiD..., appium:appPackage: io.appium.android.apis, appium:autoAcceptAlerts: false, appium:autoDismissAlerts: false, appium:autoGrantPermissions: false, appium:automationName: uiautomator2, appium:chromeOptions: {args: []}, appium:chromedriverExecutableDir: /appium/assets/drivers/chro..., appium:chromedriverPorts: [[11001, 11049]], appium:databaseEnabled: false, appium:deviceApiLevel: 36, appium:deviceManufacturer: Google, appium:deviceModel: Pixel 10, appium:deviceName: 57281FDCR00AXR, appium:deviceScreenDensity: 420, appium:deviceScreenSize: 1080x2424, appium:deviceUDID: 57281FDCR00AXR, appium:enableWebviewDetailsCollection: false, appium:ensureWebviewsHavePages: false, appium:headless: false, appium:javascriptEnabled: true, appium:locationContextEnabled: false, appium:mode: cloud, appium:nativeWebScreenshot: true, appium:networkConnectionEnabled: true, appium:newCommandTimeout: 0, appium:orientation: PORTRAIT, appium:pixelRatio: 2.625, appium:platformVersion: 16, appium:statBarHeight: 173, appium:systemPort: 12088, appium:takesScreenshot: true, appium:udid: 57281FDCR00AXR, appium:uiautomator2ServerLaunchTimeout: 60000, appium:viewportRect: {height: 2251, left: 0, top: 173, width: 1080}, appium:waitForQuiescence: false, appium:warnings: {}, appium:webStorageEnabled: false, katalon:caps: {deviceName: Google Pixel 10, executionId: 62e2ed5b-c717-4de4-80d1-899..., executionSessionId: 047956a4-59ce-4a37-85b1-2d0...}, katalon:options: {deviceName: Google Pixel 10, executionId: 62e2ed5b-c717-4de4-80d1-899..., executionSessionId: 047956a4-59ce-4a37-85b1-2d0..., runFromTestCloud: true}, platformName: ANDROID}&#xa;Session ID: 047956a4-59ce-4a37-85b1-2d0e2a7fea2b&#xa;	at java.base/jdk.internal.reflect.DirectConstructorHandleAccessor.newInstance(DirectConstructorHandleAccessor.java:62)&#xa;	at org.openqa.selenium.remote.ErrorCodec.decode(ErrorCodec.java:167)&#xa;	at org.openqa.selenium.remote.codec.w3c.W3CHttpResponseCodec.decode(W3CHttpResponseCodec.java:142)&#xa;	at org.openqa.selenium.remote.codec.w3c.W3CHttpResponseCodec.decode(W3CHttpResponseCodec.java:49)&#xa;	at org.openqa.selenium.remote.HttpCommandExecutor.execute(HttpCommandExecutor.java:215)&#xa;	at io.appium.java_client.remote.AppiumCommandExecutor.execute(AppiumCommandExecutor.java:243)&#xa;	at org.openqa.selenium.remote.RemoteWebDriver.execute(RemoteWebDriver.java:561)&#xa;	at org.openqa.selenium.remote.RemoteWebDriver.execute(RemoteWebDriver.java:638)&#xa;	at io.appium.java_client.AppiumDriver.execute(AppiumDriver.java:230)&#xa;	at org.openqa.selenium.remote.RemoteWebDriver$RemoteWebDriverOptions$RemoteTimeouts.getImplicitWaitTimeout(RemoteWebDriver.java:1021)&#xa;	at com.kms.katalon.core.mobile.helper.MobileCommonHelper.findElementsByLocatorStrategy(MobileCommonHelper.java:303)&#xa;	at com.kms.katalon.core.mobile.helper.MobileCommonHelper.findElementsByDefaultLocator(MobileCommonHelper.java:295)&#xa;	at com.kms.katalon.core.mobile.helper.MobileCommonHelper.findElementsWithSelfHealing(MobileCommonHelper.java:337)&#xa;	at com.kms.katalon.core.mobile.helper.MobileCommonHelper.findElements(MobileCommonHelper.java:281)&#xa;	at com.kms.katalon.core.mobile.helper.MobileCommonHelper.findElement(MobileCommonHelper.java:230)&#xa;	at com.kms.katalon.core.mobile.helper.MobileCommonHelper$findElement.call(Unknown Source)&#xa;	at com.kms.katalon.core.mobile.keyword.internal.MobileAbstractKeyword.findElement(MobileAbstractKeyword.groovy:82)&#xa;	at java.base/jdk.internal.reflect.DirectMethodHandleAccessor.invoke(DirectMethodHandleAccessor.java:103)&#xa;	at com.kms.katalon.core.mobile.keyword.builtin.TapKeyword$_tap_closure1.doCall(TapKeyword.groovy:44)&#xa;	at com.kms.katalon.core.mobile.keyword.builtin.TapKeyword$_tap_closure1.call(TapKeyword.groovy)&#xa;	at com.kms.katalon.core.mobile.keyword.internal.MobileKeywordMain.runKeyword(MobileKeywordMain.groovy:30)&#xa;	... 18 more&#xa;"/>
         <system-out><![CDATA[01-07-2026T17:35:28 - [TEST_CASE][FAILED] - Test Cases/Verify Correct Alarm Message 01: Test Cases/Verify Correct Alarm Message 01 FAILED.
Reason:
com.kms.katalon.core.exception.StepFailedException: Failed to tap on element 'Object Repository/Application/App/android.widget.TextView - Activity'
	at com.kms.katalon.core.mobile.keyword.internal.MobileKeywordMain.stepFailed(MobileKeywordMain.groovy:65)
	at com.kms.katalon.core.mobile.keyword.internal.MobileKeywordMain.runKeyword(MobileKeywordMain.groovy:34)
	at com.kms.katalon.core.mobile.keyword.builtin.TapKeyword.tap(TapKeyword.groovy:56)
	at com.kms.katalon.core.mobile.keyword.builtin.TapKeyword.execute(TapKeyword.groovy:36)
	at com.kms.katalon.core.keyword.internal.KeywordExecutor.executeKeywordForPlatform(KeywordExecutor.groovy:104)
	at com.kms.katalon.core.mobile.keyword.MobileBuiltInKeywords.tap(MobileBuiltInKeywords.groovy:1618)
	at Verify Correct Alarm Message 01.run(Verify Correct Alarm Message 01:36)
	at com.kms.katalon.core.main.ScriptEngine.run(ScriptEngine.java:203)
	at com.kms.katalon.core.main.ScriptEngine.runScriptAsRawText(ScriptEngine.java:115)
	at com.kms.katalon.core.main.TestCaseExecutor.runScript(TestCaseExecutor.java:506)
	at com.kms.katalon.core.main.TestCaseExecutor.doExecute(TestCaseExecutor.java:497)
	at com.kms.katalon.core.main.TestCaseExecutor.processExecutionPhase(TestCaseExecutor.java:476)
	at com.kms.katalon.core.main.TestCaseExecutor.accessMainPhase(TestCaseExecutor.java:468)
	at com.kms.katalon.core.main.TestCaseExecutor.execute(TestCaseExecutor.java:334)
	at com.kms.katalon.core.common.CommonExecutor.accessTestCaseMainPhase(CommonExecutor.java:71)
	at com.kms.katalon.core.main.TestSuiteExecutor.accessTestSuiteMainPhase(TestSuiteExecutor.java:153)
	at com.kms.katalon.core.main.TestSuiteExecutor.execute(TestSuiteExecutor.java:110)
	at com.kms.katalon.core.main.TestCaseMain.startTestSuite(TestCaseMain.java:206)
	at S0701_3.run(S0701_3.groovy:40)
	at java.base/jdk.internal.reflect.DirectMethodHandleAccessor.invoke(DirectMethodHandleAccessor.java:103)
Caused by: org.openqa.selenium.WebDriverException: Unable to find the session info for particular sessionId b509c654-1189-46e1-ad3a-6f3645b9701d, maybe session has quit already or timed out.
Build info: version: '4.39.0', revision: '126f156aee'
System info: os.name: 'Mac OS X', os.arch: 'aarch64', os.version: '15.7.4', java.version: '21.0.9'
Driver info: io.appium.java_client.android.AndroidDriver
Command: [047956a4-59ce-4a37-85b1-2d0e2a7fea2b, getTimeouts {}]
Capabilities {appium:adbExecTimeout: 120000, appium:appActivity: io.appium.android.apis.ApiD..., appium:appPackage: io.appium.android.apis, appium:autoAcceptAlerts: false, appium:autoDismissAlerts: false, appium:autoGrantPermissions: false, appium:automationName: uiautomator2, appium:chromeOptions: {args: []}, appium:chromedriverExecutableDir: /appium/assets/drivers/chro..., appium:chromedriverPorts: [[11001, 11049]], appium:databaseEnabled: false, appium:deviceApiLevel: 36, appium:deviceManufacturer: Google, appium:deviceModel: Pixel 10, appium:deviceName: 57281FDCR00AXR, appium:deviceScreenDensity: 420, appium:deviceScreenSize: 1080x2424, appium:deviceUDID: 57281FDCR00AXR, appium:enableWebviewDetailsCollection: false, appium:ensureWebviewsHavePages: false, appium:headless: false, appium:javascriptEnabled: true, appium:locationContextEnabled: false, appium:mode: cloud, appium:nativeWebScreenshot: true, appium:networkConnectionEnabled: true, appium:newCommandTimeout: 0, appium:orientation: PORTRAIT, appium:pixelRatio: 2.625, appium:platformVersion: 16, appium:statBarHeight: 173, appium:systemPort: 12088, appium:takesScreenshot: true, appium:udid: 57281FDCR00AXR, appium:uiautomator2ServerLaunchTimeout: 60000, appium:viewportRect: {height: 2251, left: 0, top: 173, width: 1080}, appium:waitForQuiescence: false, appium:warnings: {}, appium:webStorageEnabled: false, katalon:caps: {deviceName: Google Pixel 10, executionId: 62e2ed5b-c717-4de4-80d1-899..., executionSessionId: 047956a4-59ce-4a37-85b1-2d0...}, katalon:options: {deviceName: Google Pixel 10, executionId: 62e2ed5b-c717-4de4-80d1-899..., executionSessionId: 047956a4-59ce-4a37-85b1-2d0..., runFromTestCloud: true}, platformName: ANDROID}
Session ID: 047956a4-59ce-4a37-85b1-2d0e2a7fea2b
	at java.base/jdk.internal.reflect.DirectConstructorHandleAccessor.newInstance(DirectConstructorHandleAccessor.java:62)
	at org.openqa.selenium.remote.ErrorCodec.decode(ErrorCodec.java:167)
	at org.openqa.selenium.remote.codec.w3c.W3CHttpResponseCodec.decode(W3CHttpResponseCodec.java:142)
	at org.openqa.selenium.remote.codec.w3c.W3CHttpResponseCodec.decode(W3CHttpResponseCodec.java:49)
	at org.openqa.selenium.remote.HttpCommandExecutor.execute(HttpCommandExecutor.java:215)
	at io.appium.java_client.remote.AppiumCommandExecutor.execute(AppiumCommandExecutor.java:243)
	at org.openqa.selenium.remote.RemoteWebDriver.execute(RemoteWebDriver.java:561)
	at org.openqa.selenium.remote.RemoteWebDriver.execute(RemoteWebDriver.java:638)
	at io.appium.java_client.AppiumDriver.execute(AppiumDriver.java:230)
	at org.openqa.selenium.remote.RemoteWebDriver$RemoteWebDriverOptions$RemoteTimeouts.getImplicitWaitTimeout(RemoteWebDriver.java:1021)
	at com.kms.katalon.core.mobile.helper.MobileCommonHelper.findElementsByLocatorStrategy(MobileCommonHelper.java:303)
	at com.kms.katalon.core.mobile.helper.MobileCommonHelper.findElementsByDefaultLocator(MobileCommonHelper.java:295)
	at com.kms.katalon.core.mobile.helper.MobileCommonHelper.findElementsWithSelfHealing(MobileCommonHelper.java:337)
	at com.kms.katalon.core.mobile.helper.MobileCommonHelper.findElements(MobileCommonHelper.java:281)
	at com.kms.katalon.core.mobile.helper.MobileCommonHelper.findElement(MobileCommonHelper.java:230)
	at com.kms.katalon.core.mobile.helper.MobileCommonHelper$findElement.call(Unknown Source)
	at com.kms.katalon.core.mobile.keyword.internal.MobileAbstractKeyword.findElement(MobileAbstractKeyword.groovy:82)
	at java.base/jdk.internal.reflect.DirectMethodHandleAccessor.invoke(DirectMethodHandleAccessor.java:103)
	at com.kms.katalon.core.mobile.keyword.builtin.TapKeyword$_tap_closure1.doCall(TapKeyword.groovy:44)
	at com.kms.katalon.core.mobile.keyword.builtin.TapKeyword$_tap_closure1.call(TapKeyword.groovy)
	at com.kms.katalon.core.mobile.keyword.internal.MobileKeywordMain.runKeyword(MobileKeywordMain.groovy:30)
	... 18 more


01-07-2026T17:35:28 - [TEST_STEP][PASSED] - comment("Story: Update text message"): Story: Update text message

01-07-2026T17:35:28 - [MESSAGE][INFO] - Story: Update text message

01-07-2026T17:35:28 - [TEST_STEP][PASSED] - comment("Mobile testing information"): Mobile testing information

01-07-2026T17:35:28 - [MESSAGE][INFO] - Mobile testing information

01-07-2026T17:35:28 - [TEST_STEP][PASSED] - appPath = relativeToAbsolutePath(G_AppPath, getProjectDir()): null

01-07-2026T17:35:28 - [TEST_STEP][PASSED] - startApplication(appPath, false): Started application: '7011a27d-8cb1-4f53-b42b-629587ffd2e7'

01-07-2026T17:35:28 - [MESSAGE][INFO] - Overriding application: '/Users/nhi.ly/Documents/Work/Repository_Katalon/Protected-Repository/androidapp/APIDemos.apk' by '7011a27d-8cb1-4f53-b42b-629587ffd2e7'

01-07-2026T17:35:28 - [MESSAGE][INFO] - Override application info: '{"id":"7011a27d-8cb1-4f53-b42b-629587ffd2e7","organizationId":"871002","name":"API Demos","platform":"ANDROID","status":"READY","size":5049398,"storagePath":"eb3c4117-f09a-4719-836e-33707ef24491","uploadedDate":"2025-08-21T15:09:29.149785","createdDate":"2025-08-21T15:09:29.149785","updatedDate":"2025-08-21T15:09:33.86751","fileName":"APIDemos.apk","metadata":{"identifier":"io.appium.android.apis","name":"API Demos","version":"4.1.1","versionCode":"24"}}'

01-07-2026T17:35:28 - [MESSAGE][INFO] - Starting application: '7011a27d-8cb1-4f53-b42b-629587ffd2e7'

01-07-2026T17:35:51 - [MESSAGE][WARNING] - Unable to get appium status. Root cause (Cannot invoke "org.osgi.framework.Bundle.getBundleContext()" because the return value of "org.osgi.framework.FrameworkUtil.getBundle(java.lang.Class)" is null)

01-07-2026T17:35:52 - [MESSAGE][PASSED] - Started application: '7011a27d-8cb1-4f53-b42b-629587ffd2e7'

01-07-2026T17:35:52 - [TEST_STEP][PASSED] - comment("And he navigates the application to Activity form"): And he navigates the application to Activity form

01-07-2026T17:35:52 - [MESSAGE][INFO] - And he navigates the application to Activity form

01-07-2026T17:35:52 - [TEST_STEP][PASSED] - tap(findTestObject("Application/android.widget.TextView - App"), 10): Tapped on element 'Object Repository/Application/android.widget.TextView - App'

01-07-2026T17:35:56 - [MESSAGE][PASSED] - Tapped on element 'Object Repository/Application/android.widget.TextView - App'

01-07-2026T17:35:56 - [TEST_STEP][PASSED] - delay(600): Delayed 600 second(s)

01-07-2026T17:45:56 - [MESSAGE][PASSED] - Delayed 600 second(s)

01-07-2026T17:45:56 - [TEST_STEP][FAILED] - tap(findTestObject("Application/App/android.widget.TextView - Activity"), 10): Failed to tap on element 'Object Repository/Application/App/android.widget.TextView - Activity' (Root cause: com.kms.katalon.core.exception.StepFailedException: Failed to tap on element 'Object Repository/Application/App/android.widget.TextView - Activity'
	at com.kms.katalon.core.mobile.keyword.internal.MobileKeywordMain.stepFailed(MobileKeywordMain.groovy:65)
	at com.kms.katalon.core.mobile.keyword.internal.MobileKeywordMain.runKeyword(MobileKeywordMain.groovy:34)
	at com.kms.katalon.core.mobile.keyword.builtin.TapKeyword.tap(TapKeyword.groovy:56)
	at com.kms.katalon.core.mobile.keyword.builtin.TapKeyword.execute(TapKeyword.groovy:36)
	at com.kms.katalon.core.keyword.internal.KeywordExecutor.executeKeywordForPlatform(KeywordExecutor.groovy:104)
	at com.kms.katalon.core.mobile.keyword.MobileBuiltInKeywords.tap(MobileBuiltInKeywords.groovy:1618)
	at Verify Correct Alarm Message 01.run(Verify Correct Alarm Message 01:36)
	at com.kms.katalon.core.main.ScriptEngine.run(ScriptEngine.java:203)
	at com.kms.katalon.core.main.ScriptEngine.runScriptAsRawText(ScriptEngine.java:115)
	at com.kms.katalon.core.main.TestCaseExecutor.runScript(TestCaseExecutor.java:506)
	at com.kms.katalon.core.main.TestCaseExecutor.doExecute(TestCaseExecutor.java:497)
	at com.kms.katalon.core.main.TestCaseExecutor.processExecutionPhase(TestCaseExecutor.java:476)
	at com.kms.katalon.core.main.TestCaseExecutor.accessMainPhase(TestCaseExecutor.java:468)
	at com.kms.katalon.core.main.TestCaseExecutor.execute(TestCaseExecutor.java:334)
	at com.kms.katalon.core.common.CommonExecutor.accessTestCaseMainPhase(CommonExecutor.java:71)
	at com.kms.katalon.core.main.TestSuiteExecutor.accessTestSuiteMainPhase(TestSuiteExecutor.java:153)
	at com.kms.katalon.core.main.TestSuiteExecutor.execute(TestSuiteExecutor.java:110)
	at com.kms.katalon.core.main.TestCaseMain.startTestSuite(TestCaseMain.java:206)
	at S0701_3.run(S0701_3.groovy:40)
	at java.base/jdk.internal.reflect.DirectMethodHandleAccessor.invoke(DirectMethodHandleAccessor.java:103)
Caused by: org.openqa.selenium.WebDriverException: Unable to find the session info for particular sessionId b509c654-1189-46e1-ad3a-6f3645b9701d, maybe session has quit already or timed out.
Build info: version: '4.39.0', revision: '126f156aee'
System info: os.name: 'Mac OS X', os.arch: 'aarch64', os.version: '15.7.4', java.version: '21.0.9'
Driver info: io.appium.java_client.android.AndroidDriver
Command: [047956a4-59ce-4a37-85b1-2d0e2a7fea2b, getTimeouts {}]
Capabilities {appium:adbExecTimeout: 120000, appium:appActivity: io.appium.android.apis.ApiD..., appium:appPackage: io.appium.android.apis, appium:autoAcceptAlerts: false, appium:autoDismissAlerts: false, appium:autoGrantPermissions: false, appium:automationName: uiautomator2, appium:chromeOptions: {args: []}, appium:chromedriverExecutableDir: /appium/assets/drivers/chro..., appium:chromedriverPorts: [[11001, 11049]], appium:databaseEnabled: false, appium:deviceApiLevel: 36, appium:deviceManufacturer: Google, appium:deviceModel: Pixel 10, appium:deviceName: 57281FDCR00AXR, appium:deviceScreenDensity: 420, appium:deviceScreenSize: 1080x2424, appium:deviceUDID: 57281FDCR00AXR, appium:enableWebviewDetailsCollection: false, appium:ensureWebviewsHavePages: false, appium:headless: false, appium:javascriptEnabled: true, appium:locationContextEnabled: false, appium:mode: cloud, appium:nativeWebScreenshot: true, appium:networkConnectionEnabled: true, appium:newCommandTimeout: 0, appium:orientation: PORTRAIT, appium:pixelRatio: 2.625, appium:platformVersion: 16, appium:statBarHeight: 173, appium:systemPort: 12088, appium:takesScreenshot: true, appium:udid: 57281FDCR00AXR, appium:uiautomator2ServerLaunchTimeout: 60000, appium:viewportRect: {height: 2251, left: 0, top: 173, width: 1080}, appium:waitForQuiescence: false, appium:warnings: {}, appium:webStorageEnabled: false, katalon:caps: {deviceName: Google Pixel 10, executionId: 62e2ed5b-c717-4de4-80d1-899..., executionSessionId: 047956a4-59ce-4a37-85b1-2d0...}, katalon:options: {deviceName: Google Pixel 10, executionId: 62e2ed5b-c717-4de4-80d1-899..., executionSessionId: 047956a4-59ce-4a37-85b1-2d0..., runFromTestCloud: true}, platformName: ANDROID}
Session ID: 047956a4-59ce-4a37-85b1-2d0e2a7fea2b
	at java.base/jdk.internal.reflect.DirectConstructorHandleAccessor.newInstance(DirectConstructorHandleAccessor.java:62)
	at org.openqa.selenium.remote.ErrorCodec.decode(ErrorCodec.java:167)
	at org.openqa.selenium.remote.codec.w3c.W3CHttpResponseCodec.decode(W3CHttpResponseCodec.java:142)
	at org.openqa.selenium.remote.codec.w3c.W3CHttpResponseCodec.decode(W3CHttpResponseCodec.java:49)
	at org.openqa.selenium.remote.HttpCommandExecutor.execute(HttpCommandExecutor.java:215)
	at io.appium.java_client.remote.AppiumCommandExecutor.execute(AppiumCommandExecutor.java:243)
	at org.openqa.selenium.remote.RemoteWebDriver.execute(RemoteWebDriver.java:561)
	at org.openqa.selenium.remote.RemoteWebDriver.execute(RemoteWebDriver.java:638)
	at io.appium.java_client.AppiumDriver.execute(AppiumDriver.java:230)
	at org.openqa.selenium.remote.RemoteWebDriver$RemoteWebDriverOptions$RemoteTimeouts.getImplicitWaitTimeout(RemoteWebDriver.java:1021)
	at com.kms.katalon.core.mobile.helper.MobileCommonHelper.findElementsByLocatorStrategy(MobileCommonHelper.java:303)
	at com.kms.katalon.core.mobile.helper.MobileCommonHelper.findElementsByDefaultLocator(MobileCommonHelper.java:295)
	at com.kms.katalon.core.mobile.helper.MobileCommonHelper.findElementsWithSelfHealing(MobileCommonHelper.java:337)
	at com.kms.katalon.core.mobile.helper.MobileCommonHelper.findElements(MobileCommonHelper.java:281)
	at com.kms.katalon.core.mobile.helper.MobileCommonHelper.findElement(MobileCommonHelper.java:230)
	at com.kms.katalon.core.mobile.helper.MobileCommonHelper$findElement.call(Unknown Source)
	at com.kms.katalon.core.mobile.keyword.internal.MobileAbstractKeyword.findElement(MobileAbstractKeyword.groovy:82)
	at java.base/jdk.internal.reflect.DirectMethodHandleAccessor.invoke(DirectMethodHandleAccessor.java:103)
	at com.kms.katalon.core.mobile.keyword.builtin.TapKeyword$_tap_closure1.doCall(TapKeyword.groovy:44)
	at com.kms.katalon.core.mobile.keyword.builtin.TapKeyword$_tap_closure1.call(TapKeyword.groovy)
	at com.kms.katalon.core.mobile.keyword.internal.MobileKeywordMain.runKeyword(MobileKeywordMain.groovy:30)
	at com.kms.katalon.core.mobile.keyword.builtin.TapKeyword.tap(TapKeyword.groovy:56)
	at com.kms.katalon.core.mobile.keyword.builtin.TapKeyword.execute(TapKeyword.groovy:36)
	at com.kms.katalon.core.keyword.internal.KeywordExecutor.executeKeywordForPlatform(KeywordExecutor.groovy:104)
	at com.kms.katalon.core.mobile.keyword.MobileBuiltInKeywords.tap(MobileBuiltInKeywords.groovy:1618)
	at Script1529986178839.run(Script1529986178839.groovy:36)
	... 13 more
)

01-07-2026T17:45:57 - [MESSAGE][WARNING] - Cannot take screenshot

01-07-2026T17:45:57 - [MESSAGE][FAILED] - Failed to tap on element 'Object Repository/Application/App/android.widget.TextView - Activity' (Root cause: com.kms.katalon.core.exception.StepFailedException: Failed to tap on element 'Object Repository/Application/App/android.widget.TextView - Activity'
	at com.kms.katalon.core.mobile.keyword.internal.MobileKeywordMain.stepFailed(MobileKeywordMain.groovy:65)
	at com.kms.katalon.core.mobile.keyword.internal.MobileKeywordMain.runKeyword(MobileKeywordMain.groovy:34)
	at com.kms.katalon.core.mobile.keyword.builtin.TapKeyword.tap(TapKeyword.groovy:56)
	at com.kms.katalon.core.mobile.keyword.builtin.TapKeyword.execute(TapKeyword.groovy:36)
	at com.kms.katalon.core.keyword.internal.KeywordExecutor.executeKeywordForPlatform(KeywordExecutor.groovy:104)
	at com.kms.katalon.core.mobile.keyword.MobileBuiltInKeywords.tap(MobileBuiltInKeywords.groovy:1618)
	at Verify Correct Alarm Message 01.run(Verify Correct Alarm Message 01:36)
	at com.kms.katalon.core.main.ScriptEngine.run(ScriptEngine.java:203)
	at com.kms.katalon.core.main.ScriptEngine.runScriptAsRawText(ScriptEngine.java:115)
	at com.kms.katalon.core.main.TestCaseExecutor.runScript(TestCaseExecutor.java:506)
	at com.kms.katalon.core.main.TestCaseExecutor.doExecute(TestCaseExecutor.java:497)
	at com.kms.katalon.core.main.TestCaseExecutor.processExecutionPhase(TestCaseExecutor.java:476)
	at com.kms.katalon.core.main.TestCaseExecutor.accessMainPhase(TestCaseExecutor.java:468)
	at com.kms.katalon.core.main.TestCaseExecutor.execute(TestCaseExecutor.java:334)
	at com.kms.katalon.core.common.CommonExecutor.accessTestCaseMainPhase(CommonExecutor.java:71)
	at com.kms.katalon.core.main.TestSuiteExecutor.accessTestSuiteMainPhase(TestSuiteExecutor.java:153)
	at com.kms.katalon.core.main.TestSuiteExecutor.execute(TestSuiteExecutor.java:110)
	at com.kms.katalon.core.main.TestCaseMain.startTestSuite(TestCaseMain.java:206)
	at S0701_3.run(S0701_3.groovy:40)
	at java.base/jdk.internal.reflect.DirectMethodHandleAccessor.invoke(DirectMethodHandleAccessor.java:103)
Caused by: org.openqa.selenium.WebDriverException: Unable to find the session info for particular sessionId b509c654-1189-46e1-ad3a-6f3645b9701d, maybe session has quit already or timed out.
Build info: version: '4.39.0', revision: '126f156aee'
System info: os.name: 'Mac OS X', os.arch: 'aarch64', os.version: '15.7.4', java.version: '21.0.9'
Driver info: io.appium.java_client.android.AndroidDriver
Command: [047956a4-59ce-4a37-85b1-2d0e2a7fea2b, getTimeouts {}]
Capabilities {appium:adbExecTimeout: 120000, appium:appActivity: io.appium.android.apis.ApiD..., appium:appPackage: io.appium.android.apis, appium:autoAcceptAlerts: false, appium:autoDismissAlerts: false, appium:autoGrantPermissions: false, appium:automationName: uiautomator2, appium:chromeOptions: {args: []}, appium:chromedriverExecutableDir: /appium/assets/drivers/chro..., appium:chromedriverPorts: [[11001, 11049]], appium:databaseEnabled: false, appium:deviceApiLevel: 36, appium:deviceManufacturer: Google, appium:deviceModel: Pixel 10, appium:deviceName: 57281FDCR00AXR, appium:deviceScreenDensity: 420, appium:deviceScreenSize: 1080x2424, appium:deviceUDID: 57281FDCR00AXR, appium:enableWebviewDetailsCollection: false, appium:ensureWebviewsHavePages: false, appium:headless: false, appium:javascriptEnabled: true, appium:locationContextEnabled: false, appium:mode: cloud, appium:nativeWebScreenshot: true, appium:networkConnectionEnabled: true, appium:newCommandTimeout: 0, appium:orientation: PORTRAIT, appium:pixelRatio: 2.625, appium:platformVersion: 16, appium:statBarHeight: 173, appium:systemPort: 12088, appium:takesScreenshot: true, appium:udid: 57281FDCR00AXR, appium:uiautomator2ServerLaunchTimeout: 60000, appium:viewportRect: {height: 2251, left: 0, top: 173, width: 1080}, appium:waitForQuiescence: false, appium:warnings: {}, appium:webStorageEnabled: false, katalon:caps: {deviceName: Google Pixel 10, executionId: 62e2ed5b-c717-4de4-80d1-899..., executionSessionId: 047956a4-59ce-4a37-85b1-2d0...}, katalon:options: {deviceName: Google Pixel 10, executionId: 62e2ed5b-c717-4de4-80d1-899..., executionSessionId: 047956a4-59ce-4a37-85b1-2d0..., runFromTestCloud: true}, platformName: ANDROID}
Session ID: 047956a4-59ce-4a37-85b1-2d0e2a7fea2b
	at java.base/jdk.internal.reflect.DirectConstructorHandleAccessor.newInstance(DirectConstructorHandleAccessor.java:62)
	at org.openqa.selenium.remote.ErrorCodec.decode(ErrorCodec.java:167)
	at org.openqa.selenium.remote.codec.w3c.W3CHttpResponseCodec.decode(W3CHttpResponseCodec.java:142)
	at org.openqa.selenium.remote.codec.w3c.W3CHttpResponseCodec.decode(W3CHttpResponseCodec.java:49)
	at org.openqa.selenium.remote.HttpCommandExecutor.execute(HttpCommandExecutor.java:215)
	at io.appium.java_client.remote.AppiumCommandExecutor.execute(AppiumCommandExecutor.java:243)
	at org.openqa.selenium.remote.RemoteWebDriver.execute(RemoteWebDriver.java:561)
	at org.openqa.selenium.remote.RemoteWebDriver.execute(RemoteWebDriver.java:638)
	at io.appium.java_client.AppiumDriver.execute(AppiumDriver.java:230)
	at org.openqa.selenium.remote.RemoteWebDriver$RemoteWebDriverOptions$RemoteTimeouts.getImplicitWaitTimeout(RemoteWebDriver.java:1021)
	at com.kms.katalon.core.mobile.helper.MobileCommonHelper.findElementsByLocatorStrategy(MobileCommonHelper.java:303)
	at com.kms.katalon.core.mobile.helper.MobileCommonHelper.findElementsByDefaultLocator(MobileCommonHelper.java:295)
	at com.kms.katalon.core.mobile.helper.MobileCommonHelper.findElementsWithSelfHealing(MobileCommonHelper.java:337)
	at com.kms.katalon.core.mobile.helper.MobileCommonHelper.findElements(MobileCommonHelper.java:281)
	at com.kms.katalon.core.mobile.helper.MobileCommonHelper.findElement(MobileCommonHelper.java:230)
	at com.kms.katalon.core.mobile.helper.MobileCommonHelper$findElement.call(Unknown Source)
	at com.kms.katalon.core.mobile.keyword.internal.MobileAbstractKeyword.findElement(MobileAbstractKeyword.groovy:82)
	at java.base/jdk.internal.reflect.DirectMethodHandleAccessor.invoke(DirectMethodHandleAccessor.java:103)
	at com.kms.katalon.core.mobile.keyword.builtin.TapKeyword$_tap_closure1.doCall(TapKeyword.groovy:44)
	at com.kms.katalon.core.mobile.keyword.builtin.TapKeyword$_tap_closure1.call(TapKeyword.groovy)
	at com.kms.katalon.core.mobile.keyword.internal.MobileKeywordMain.runKeyword(MobileKeywordMain.groovy:30)
	at com.kms.katalon.core.mobile.keyword.builtin.TapKeyword.tap(TapKeyword.groovy:56)
	at com.kms.katalon.core.mobile.keyword.builtin.TapKeyword.execute(TapKeyword.groovy:36)
	at com.kms.katalon.core.keyword.internal.KeywordExecutor.executeKeywordForPlatform(KeywordExecutor.groovy:104)
	at com.kms.katalon.core.mobile.keyword.MobileBuiltInKeywords.tap(MobileBuiltInKeywords.groovy:1618)
	at Script1529986178839.run(Script1529986178839.groovy:36)
	... 13 more
)]]></system-out>
         <system-err><![CDATA[01-07-2026T17:35:28 - [TEST_CASE][FAILED] - Test Cases/Verify Correct Alarm Message 01: Test Cases/Verify Correct Alarm Message 01 FAILED.
Reason:
com.kms.katalon.core.exception.StepFailedException: Failed to tap on element 'Object Repository/Application/App/android.widget.TextView - Activity'
	at com.kms.katalon.core.mobile.keyword.internal.MobileKeywordMain.stepFailed(MobileKeywordMain.groovy:65)
	at com.kms.katalon.core.mobile.keyword.internal.MobileKeywordMain.runKeyword(MobileKeywordMain.groovy:34)
	at com.kms.katalon.core.mobile.keyword.builtin.TapKeyword.tap(TapKeyword.groovy:56)
	at com.kms.katalon.core.mobile.keyword.builtin.TapKeyword.execute(TapKeyword.groovy:36)
	at com.kms.katalon.core.keyword.internal.KeywordExecutor.executeKeywordForPlatform(KeywordExecutor.groovy:104)
	at com.kms.katalon.core.mobile.keyword.MobileBuiltInKeywords.tap(MobileBuiltInKeywords.groovy:1618)
	at Verify Correct Alarm Message 01.run(Verify Correct Alarm Message 01:36)
	at com.kms.katalon.core.main.ScriptEngine.run(ScriptEngine.java:203)
	at com.kms.katalon.core.main.ScriptEngine.runScriptAsRawText(ScriptEngine.java:115)
	at com.kms.katalon.core.main.TestCaseExecutor.runScript(TestCaseExecutor.java:506)
	at com.kms.katalon.core.main.TestCaseExecutor.doExecute(TestCaseExecutor.java:497)
	at com.kms.katalon.core.main.TestCaseExecutor.processExecutionPhase(TestCaseExecutor.java:476)
	at com.kms.katalon.core.main.TestCaseExecutor.accessMainPhase(TestCaseExecutor.java:468)
	at com.kms.katalon.core.main.TestCaseExecutor.execute(TestCaseExecutor.java:334)
	at com.kms.katalon.core.common.CommonExecutor.accessTestCaseMainPhase(CommonExecutor.java:71)
	at com.kms.katalon.core.main.TestSuiteExecutor.accessTestSuiteMainPhase(TestSuiteExecutor.java:153)
	at com.kms.katalon.core.main.TestSuiteExecutor.execute(TestSuiteExecutor.java:110)
	at com.kms.katalon.core.main.TestCaseMain.startTestSuite(TestCaseMain.java:206)
	at S0701_3.run(S0701_3.groovy:40)
	at java.base/jdk.internal.reflect.DirectMethodHandleAccessor.invoke(DirectMethodHandleAccessor.java:103)
Caused by: org.openqa.selenium.WebDriverException: Unable to find the session info for particular sessionId b509c654-1189-46e1-ad3a-6f3645b9701d, maybe session has quit already or timed out.
Build info: version: '4.39.0', revision: '126f156aee'
System info: os.name: 'Mac OS X', os.arch: 'aarch64', os.version: '15.7.4', java.version: '21.0.9'
Driver info: io.appium.java_client.android.AndroidDriver
Command: [047956a4-59ce-4a37-85b1-2d0e2a7fea2b, getTimeouts {}]
Capabilities {appium:adbExecTimeout: 120000, appium:appActivity: io.appium.android.apis.ApiD..., appium:appPackage: io.appium.android.apis, appium:autoAcceptAlerts: false, appium:autoDismissAlerts: false, appium:autoGrantPermissions: false, appium:automationName: uiautomator2, appium:chromeOptions: {args: []}, appium:chromedriverExecutableDir: /appium/assets/drivers/chro..., appium:chromedriverPorts: [[11001, 11049]], appium:databaseEnabled: false, appium:deviceApiLevel: 36, appium:deviceManufacturer: Google, appium:deviceModel: Pixel 10, appium:deviceName: 57281FDCR00AXR, appium:deviceScreenDensity: 420, appium:deviceScreenSize: 1080x2424, appium:deviceUDID: 57281FDCR00AXR, appium:enableWebviewDetailsCollection: false, appium:ensureWebviewsHavePages: false, appium:headless: false, appium:javascriptEnabled: true, appium:locationContextEnabled: false, appium:mode: cloud, appium:nativeWebScreenshot: true, appium:networkConnectionEnabled: true, appium:newCommandTimeout: 0, appium:orientation: PORTRAIT, appium:pixelRatio: 2.625, appium:platformVersion: 16, appium:statBarHeight: 173, appium:systemPort: 12088, appium:takesScreenshot: true, appium:udid: 57281FDCR00AXR, appium:uiautomator2ServerLaunchTimeout: 60000, appium:viewportRect: {height: 2251, left: 0, top: 173, width: 1080}, appium:waitForQuiescence: false, appium:warnings: {}, appium:webStorageEnabled: false, katalon:caps: {deviceName: Google Pixel 10, executionId: 62e2ed5b-c717-4de4-80d1-899..., executionSessionId: 047956a4-59ce-4a37-85b1-2d0...}, katalon:options: {deviceName: Google Pixel 10, executionId: 62e2ed5b-c717-4de4-80d1-899..., executionSessionId: 047956a4-59ce-4a37-85b1-2d0..., runFromTestCloud: true}, platformName: ANDROID}
Session ID: 047956a4-59ce-4a37-85b1-2d0e2a7fea2b
	at java.base/jdk.internal.reflect.DirectConstructorHandleAccessor.newInstance(DirectConstructorHandleAccessor.java:62)
	at org.openqa.selenium.remote.ErrorCodec.decode(ErrorCodec.java:167)
	at org.openqa.selenium.remote.codec.w3c.W3CHttpResponseCodec.decode(W3CHttpResponseCodec.java:142)
	at org.openqa.selenium.remote.codec.w3c.W3CHttpResponseCodec.decode(W3CHttpResponseCodec.java:49)
	at org.openqa.selenium.remote.HttpCommandExecutor.execute(HttpCommandExecutor.java:215)
	at io.appium.java_client.remote.AppiumCommandExecutor.execute(AppiumCommandExecutor.java:243)
	at org.openqa.selenium.remote.RemoteWebDriver.execute(RemoteWebDriver.java:561)
	at org.openqa.selenium.remote.RemoteWebDriver.execute(RemoteWebDriver.java:638)
	at io.appium.java_client.AppiumDriver.execute(AppiumDriver.java:230)
	at org.openqa.selenium.remote.RemoteWebDriver$RemoteWebDriverOptions$RemoteTimeouts.getImplicitWaitTimeout(RemoteWebDriver.java:1021)
	at com.kms.katalon.core.mobile.helper.MobileCommonHelper.findElementsByLocatorStrategy(MobileCommonHelper.java:303)
	at com.kms.katalon.core.mobile.helper.MobileCommonHelper.findElementsByDefaultLocator(MobileCommonHelper.java:295)
	at com.kms.katalon.core.mobile.helper.MobileCommonHelper.findElementsWithSelfHealing(MobileCommonHelper.java:337)
	at com.kms.katalon.core.mobile.helper.MobileCommonHelper.findElements(MobileCommonHelper.java:281)
	at com.kms.katalon.core.mobile.helper.MobileCommonHelper.findElement(MobileCommonHelper.java:230)
	at com.kms.katalon.core.mobile.helper.MobileCommonHelper$findElement.call(Unknown Source)
	at com.kms.katalon.core.mobile.keyword.internal.MobileAbstractKeyword.findElement(MobileAbstractKeyword.groovy:82)
	at java.base/jdk.internal.reflect.DirectMethodHandleAccessor.invoke(DirectMethodHandleAccessor.java:103)
	at com.kms.katalon.core.mobile.keyword.builtin.TapKeyword$_tap_closure1.doCall(TapKeyword.groovy:44)
	at com.kms.katalon.core.mobile.keyword.builtin.TapKeyword$_tap_closure1.call(TapKeyword.groovy)
	at com.kms.katalon.core.mobile.keyword.internal.MobileKeywordMain.runKeyword(MobileKeywordMain.groovy:30)
	... 18 more]]></system-err>
      </testcase>
      <system-out><![CDATA[01-07-2026T17:35:28 - [TEST_STEP][PASSED] - Start listener action : sampleBeforeTestSuite: null

01-07-2026T17:35:28 - [TEST_STEP][PASSED] - KatalonHelper.updateInfo(): null

01-07-2026T17:35:28 - [TEST_SUITE][FAILED] - test align: null]]></system-out>
      <system-err><![CDATA[01-07-2026T17:35:28 - [TEST_SUITE][FAILED] - test align: null]]></system-err>
   </testsuite>
</testsuites>
