<?xml version="1.0" encoding="UTF-8"?>
<testsuites name="Smoke Tests for Mobile Browsers" time="14.565" tests="1" passed="1" failures="0" errors="0" incompleted="0" skipped="0">
   <testsuite name="Smoke Tests for Mobile Browsers" tests="1" passed="1" failures="0" errors="0" incompleted="0" skipped="0" time="14.565" timestamp="2026-07-02T06:37:30.372Z" hostname="nhi.ly - 10.18.43.102" id="Test Suites/Smoke Tests for Mobile Browsers" status="PASSED">
      <properties>
[...]
</properties>
      <testcase name="Test Cases/Verify Login CURA System Successfully - Mobile Browsers" time="14.469" classname="Test Cases/Verify Login CURA System Successfully - Mobile Browsers" status="PASSED">
         <properties>
            <property name="data_binding"><![CDATA[{"Username":"John Doe","Password":"g3/DOGG74jC3Flrr3yH+3D/yKbOqqUNM"}]]></property>
         </properties>
         <system-out><![CDATA[02-07-2026T13:37:30 - [TEST_CASE][PASSED] - Test Cases/Verify Login CURA System Successfully - Mobile Browsers: Test Cases/Verify Login CURA System Successfully - Mobile Browsers

02-07-2026T13:37:30 - [TEST_STEP][PASSED] - comment("Story: Login to CURA system"): Story: Login to CURA system

02-07-2026T13:37:30 - [MESSAGE][INFO] - Story: Login to CURA system

02-07-2026T13:37:30 - [TEST_STEP][PASSED] - comment("Given that the user has the valid login information"): Given that the user has the valid login information

02-07-2026T13:37:30 - [MESSAGE][INFO] - Given that the user has the valid login information

02-07-2026T13:37:30 - [TEST_STEP][PASSED] - openBrowser(G_SiteURL): Browser is opened with url: 'https://katalon-demo-cura.herokuapp.com/'

02-07-2026T13:37:30 - [MESSAGE][INFO] - Starting 'Firefox (headless)' driver

02-07-2026T13:37:30 - [MESSAGE][INFO] - Action delay is set to 0 milliseconds

02-07-2026T13:37:41 - [MESSAGE][PASSED] - Browser is opened with url: 'https://katalon-demo-cura.herokuapp.com/'

02-07-2026T13:37:41 - [TEST_STEP][PASSED] - click(findTestObject("Web Browser/btn_MakeAppointment")): Object: 'Object Repository/Web Browser/btn_MakeAppointment' is clicked on

02-07-2026T13:37:42 - [MESSAGE][PASSED] - Object: 'Object Repository/Web Browser/btn_MakeAppointment' is clicked on

02-07-2026T13:37:42 - [TEST_STEP][PASSED] - setText(findTestObject("Web Browser/txt_Username"), Username): Text 'John Doe' is set on object 'Object Repository/Web Browser/txt_Username'

02-07-2026T13:37:42 - [MESSAGE][PASSED] - Text 'John Doe' is set on object 'Object Repository/Web Browser/txt_Username'

02-07-2026T13:37:42 - [TEST_STEP][PASSED] - setEncryptedText(findTestObject("Web Browser/txt_Password"), Password): Text ****** has been set on object 'Object Repository/Web Browser/txt_Password'

02-07-2026T13:37:43 - [MESSAGE][PASSED] - Text ****** has been set on object 'Object Repository/Web Browser/txt_Password'

02-07-2026T13:37:43 - [TEST_STEP][PASSED] - comment("When he logins to CURA system"): When he logins to CURA system

02-07-2026T13:37:43 - [MESSAGE][INFO] - When he logins to CURA system

02-07-2026T13:37:43 - [TEST_STEP][PASSED] - click(findTestObject("Web Browser/btn_Login")): Object: 'Object Repository/Web Browser/btn_Login' is clicked on

02-07-2026T13:37:43 - [MESSAGE][PASSED] - Object: 'Object Repository/Web Browser/btn_Login' is clicked on

02-07-2026T13:37:43 - [TEST_STEP][PASSED] - comment("Then he should be able to login successfully"): Then he should be able to login successfully

02-07-2026T13:37:43 - [MESSAGE][INFO] - Then he should be able to login successfully

02-07-2026T13:37:43 - [TEST_STEP][PASSED] - verifyTextPresent("Make Appointment", false): Text 'Make Appointment' is present on page 

02-07-2026T13:37:44 - [MESSAGE][PASSED] - Text 'Make Appointment' is present on page 

02-07-2026T13:37:44 - [TEST_STEP][PASSED] - closeBrowser(): Browser is closed

02-07-2026T13:37:44 - [MESSAGE][PASSED] - Browser is closed]]></system-out>
         <system-err><![CDATA[]]></system-err>
      </testcase>
      <system-out><![CDATA[02-07-2026T13:37:30 - [TEST_STEP][PASSED] - Start listener action : sampleBeforeTestSuite: null

02-07-2026T13:37:30 - [TEST_STEP][PASSED] - KatalonHelper.updateInfo(): null

02-07-2026T13:37:30 - [TEST_SUITE][PASSED] - Smoke Tests for Mobile Browsers: null]]></system-out>
      <system-err><![CDATA[]]></system-err>
   </testsuite>
</testsuites>
