<?xml version="1.0" encoding="UTF-8"?>
<testsuites name="test align" time="0.369" tests="1" passed="0" failures="1" errors="0" incompleted="0" skipped="0">
   <testsuite name="test align" tests="1" passed="0" failures="1" errors="0" incompleted="0" skipped="0" time="0.369" timestamp="2026-07-01T08:39:04.849Z" hostname="nhi.ly - 10.18.43.102" id="Test Suites/test align" status="FAILED">
      <properties>
         <property name="deviceName" value=""/>
         <property name="devicePlatform"/>
         <property name="logFolder" value="/Users/nhi.ly/Documents/Work/Repository_Katalon/Protected-Repository/Reports/20260701_153851/test align/20260701_153901"/>
         <property name="logFiles" value="/Users/nhi.ly/Documents/Work/Repository_Katalon/Protected-Repository/Reports/20260701_153851/test align/20260701_153901/execution0.log, /Users/nhi.ly/Documents/Work/Repository_Katalon/Protected-Repository/Reports/20260701_153851/test align/20260701_153901/console0.log"/>
         <property name="attachments" value=""/>
         <property name="executionBindingVariables" value="[]"/>
         <property name="hostName" value="nhi.ly - 10.18.43.102"/>
         <property name="os" value="Mac OS X 64bit"/>
         <property name="katalonVersion" value="11.3.0.0"/>
         <property name="userFullName" value="Nhiprod"/>
         <property name="hostAddress" value="10.18.43.102"/>
         <property name="projectName" value="Android Mobile Tests with Katalon Studio"/>
      </properties>
      <testcase name="Test Cases/Verify Correct Alarm Message 01" time="0.015" classname="Test Cases/Verify Correct Alarm Message 01" status="FAILED">
         <failure type="FAILED" message="Test Cases/Verify Correct Alarm Message 01 FAILED.&#xa;Reason:&#xa;com.kms.katalon.core.exception.StepFailedException: Unable to start application: '/Users/nhi.ly/Documents/Work/Repository_Katalon/Protected-Repository/androidapp/APIDemos.apk'&#xa;	at com.kms.katalon.core.mobile.keyword.internal.MobileKeywordMain.stepFailed(MobileKeywordMain.groovy:65)&#xa;	at com.kms.katalon.core.mobile.keyword.internal.MobileKeywordMain.runKeyword(MobileKeywordMain.groovy:34)&#xa;	at com.kms.katalon.core.mobile.keyword.builtin.StartApplicationKeyword.startApplication(StartApplicationKeyword.groovy:91)&#xa;	at com.kms.katalon.core.mobile.keyword.builtin.StartApplicationKeyword.execute(StartApplicationKeyword.groovy:48)&#xa;	at com.kms.katalon.core.keyword.internal.KeywordExecutor.executeKeywordForPlatform(KeywordExecutor.groovy:104)&#xa;	at com.kms.katalon.core.mobile.keyword.MobileBuiltInKeywords.startApplication(MobileBuiltInKeywords.groovy:52)&#xa;	at Verify Correct Alarm Message 01.run(Verify Correct Alarm Message 01:28)&#xa;	at com.kms.katalon.core.main.ScriptEngine.run(ScriptEngine.java:203)&#xa;	at com.kms.katalon.core.main.ScriptEngine.runScriptAsRawText(ScriptEngine.java:115)&#xa;	at com.kms.katalon.core.main.TestCaseExecutor.runScript(TestCaseExecutor.java:506)&#xa;	at com.kms.katalon.core.main.TestCaseExecutor.doExecute(TestCaseExecutor.java:497)&#xa;	at com.kms.katalon.core.main.TestCaseExecutor.processExecutionPhase(TestCaseExecutor.java:476)&#xa;	at com.kms.katalon.core.main.TestCaseExecutor.accessMainPhase(TestCaseExecutor.java:468)&#xa;	at com.kms.katalon.core.main.TestCaseExecutor.execute(TestCaseExecutor.java:334)&#xa;	at com.kms.katalon.core.main.TestCaseExecutor.execute(TestCaseExecutor.java:426)&#xa;	at com.kms.katalon.core.main.TestCaseExecutor.execute(TestCaseExecutor.java:426)&#xa;	at com.kms.katalon.core.main.TestCaseExecutor.execute(TestCaseExecutor.java:426)&#xa;	at com.kms.katalon.core.common.CommonExecutor.accessTestCaseMainPhase(CommonExecutor.java:71)&#xa;	at com.kms.katalon.core.main.TestSuiteExecutor.accessTestSuiteMainPhase(TestSuiteExecutor.java:153)&#xa;	at com.kms.katalon.core.main.TestSuiteExecutor.execute(TestSuiteExecutor.java:110)&#xa;	at com.kms.katalon.core.main.TestCaseMain.startTestSuite(TestCaseMain.java:206)&#xa;	at S0701_15.run(S0701_15.groovy:40)&#xa;	at java.base/jdk.internal.reflect.DirectMethodHandleAccessor.invoke(DirectMethodHandleAccessor.java:103)&#xa;Caused by: java.lang.NullPointerException: Name is null&#xa;	at com.kms.katalon.core.mobile.driver.MobileDriverType.valueOf(MobileDriverType.java:1)&#xa;	at com.kms.katalon.core.mobile.keyword.internal.MobileDriverFactory.getRemoteMobileDriver(MobileDriverFactory.java:125)&#xa;	at com.kms.katalon.core.mobile.keyword.internal.MobileDriverFactory.startMobileDriver(MobileDriverFactory.java:569)&#xa;	at com.kms.katalon.core.mobile.keyword.builtin.StartApplicationKeyword$_startApplication_closure1.doCall(StartApplicationKeyword.groovy:89)&#xa;	at com.kms.katalon.core.mobile.keyword.builtin.StartApplicationKeyword$_startApplication_closure1.call(StartApplicationKeyword.groovy)&#xa;	at com.kms.katalon.core.mobile.keyword.internal.MobileKeywordMain.runKeyword(MobileKeywordMain.groovy:30)&#xa;	... 21 more&#xa;"/>
         <system-out><![CDATA[01-07-2026T15:39:05 - [TEST_CASE][FAILED] - Test Cases/Verify Correct Alarm Message 01: Test Cases/Verify Correct Alarm Message 01 FAILED.
Reason:
com.kms.katalon.core.exception.StepFailedException: Unable to start application: '/Users/nhi.ly/Documents/Work/Repository_Katalon/Protected-Repository/androidapp/APIDemos.apk'
	at com.kms.katalon.core.mobile.keyword.internal.MobileKeywordMain.stepFailed(MobileKeywordMain.groovy:65)
	at com.kms.katalon.core.mobile.keyword.internal.MobileKeywordMain.runKeyword(MobileKeywordMain.groovy:34)
	at com.kms.katalon.core.mobile.keyword.builtin.StartApplicationKeyword.startApplication(StartApplicationKeyword.groovy:91)
	at com.kms.katalon.core.mobile.keyword.builtin.StartApplicationKeyword.execute(StartApplicationKeyword.groovy:48)
	at com.kms.katalon.core.keyword.internal.KeywordExecutor.executeKeywordForPlatform(KeywordExecutor.groovy:104)
	at com.kms.katalon.core.mobile.keyword.MobileBuiltInKeywords.startApplication(MobileBuiltInKeywords.groovy:52)
	at Verify Correct Alarm Message 01.run(Verify Correct Alarm Message 01:28)
	at com.kms.katalon.core.main.ScriptEngine.run(ScriptEngine.java:203)
	at com.kms.katalon.core.main.ScriptEngine.runScriptAsRawText(ScriptEngine.java:115)
	at com.kms.katalon.core.main.TestCaseExecutor.runScript(TestCaseExecutor.java:506)
	at com.kms.katalon.core.main.TestCaseExecutor.doExecute(TestCaseExecutor.java:497)
	at com.kms.katalon.core.main.TestCaseExecutor.processExecutionPhase(TestCaseExecutor.java:476)
	at com.kms.katalon.core.main.TestCaseExecutor.accessMainPhase(TestCaseExecutor.java:468)
	at com.kms.katalon.core.main.TestCaseExecutor.execute(TestCaseExecutor.java:334)
	at com.kms.katalon.core.main.TestCaseExecutor.execute(TestCaseExecutor.java:426)
	at com.kms.katalon.core.main.TestCaseExecutor.execute(TestCaseExecutor.java:426)
	at com.kms.katalon.core.main.TestCaseExecutor.execute(TestCaseExecutor.java:426)
	at com.kms.katalon.core.common.CommonExecutor.accessTestCaseMainPhase(CommonExecutor.java:71)
	at com.kms.katalon.core.main.TestSuiteExecutor.accessTestSuiteMainPhase(TestSuiteExecutor.java:153)
	at com.kms.katalon.core.main.TestSuiteExecutor.execute(TestSuiteExecutor.java:110)
	at com.kms.katalon.core.main.TestCaseMain.startTestSuite(TestCaseMain.java:206)
	at S0701_15.run(S0701_15.groovy:40)
	at java.base/jdk.internal.reflect.DirectMethodHandleAccessor.invoke(DirectMethodHandleAccessor.java:103)
Caused by: java.lang.NullPointerException: Name is null
	at com.kms.katalon.core.mobile.driver.MobileDriverType.valueOf(MobileDriverType.java:1)
	at com.kms.katalon.core.mobile.keyword.internal.MobileDriverFactory.getRemoteMobileDriver(MobileDriverFactory.java:125)
	at com.kms.katalon.core.mobile.keyword.internal.MobileDriverFactory.startMobileDriver(MobileDriverFactory.java:569)
	at com.kms.katalon.core.mobile.keyword.builtin.StartApplicationKeyword$_startApplication_closure1.doCall(StartApplicationKeyword.groovy:89)
	at com.kms.katalon.core.mobile.keyword.builtin.StartApplicationKeyword$_startApplication_closure1.call(StartApplicationKeyword.groovy)
	at com.kms.katalon.core.mobile.keyword.internal.MobileKeywordMain.runKeyword(MobileKeywordMain.groovy:30)
	... 21 more


01-07-2026T15:39:05 - [TEST_STEP][PASSED] - comment("Story: Update text message"): Story: Update text message

01-07-2026T15:39:05 - [MESSAGE][INFO] - Story: Update text message

01-07-2026T15:39:05 - [TEST_STEP][PASSED] - comment("Mobile testing information"): Mobile testing information

01-07-2026T15:39:05 - [MESSAGE][INFO] - Mobile testing information

01-07-2026T15:39:05 - [TEST_STEP][PASSED] - appPath = relativeToAbsolutePath(G_AppPath, getProjectDir()): null

01-07-2026T15:39:05 - [TEST_STEP][FAILED] - startApplication(appPath, false): Unable to start application: '/Users/nhi.ly/Documents/Work/Repository_Katalon/Protected-Repository/androidapp/APIDemos.apk' (Root cause: com.kms.katalon.core.exception.StepFailedException: Unable to start application: '/Users/nhi.ly/Documents/Work/Repository_Katalon/Protected-Repository/androidapp/APIDemos.apk'
	at com.kms.katalon.core.mobile.keyword.internal.MobileKeywordMain.stepFailed(MobileKeywordMain.groovy:65)
	at com.kms.katalon.core.mobile.keyword.internal.MobileKeywordMain.runKeyword(MobileKeywordMain.groovy:34)
	at com.kms.katalon.core.mobile.keyword.builtin.StartApplicationKeyword.startApplication(StartApplicationKeyword.groovy:91)
	at com.kms.katalon.core.mobile.keyword.builtin.StartApplicationKeyword.execute(StartApplicationKeyword.groovy:48)
	at com.kms.katalon.core.keyword.internal.KeywordExecutor.executeKeywordForPlatform(KeywordExecutor.groovy:104)
	at com.kms.katalon.core.mobile.keyword.MobileBuiltInKeywords.startApplication(MobileBuiltInKeywords.groovy:52)
	at Verify Correct Alarm Message 01.run(Verify Correct Alarm Message 01:28)
	at com.kms.katalon.core.main.ScriptEngine.run(ScriptEngine.java:203)
	at com.kms.katalon.core.main.ScriptEngine.runScriptAsRawText(ScriptEngine.java:115)
	at com.kms.katalon.core.main.TestCaseExecutor.runScript(TestCaseExecutor.java:506)
	at com.kms.katalon.core.main.TestCaseExecutor.doExecute(TestCaseExecutor.java:497)
	at com.kms.katalon.core.main.TestCaseExecutor.processExecutionPhase(TestCaseExecutor.java:476)
	at com.kms.katalon.core.main.TestCaseExecutor.accessMainPhase(TestCaseExecutor.java:468)
	at com.kms.katalon.core.main.TestCaseExecutor.execute(TestCaseExecutor.java:334)
	at com.kms.katalon.core.main.TestCaseExecutor.execute(TestCaseExecutor.java:426)
	at com.kms.katalon.core.main.TestCaseExecutor.execute(TestCaseExecutor.java:426)
	at com.kms.katalon.core.main.TestCaseExecutor.execute(TestCaseExecutor.java:426)
	at com.kms.katalon.core.common.CommonExecutor.accessTestCaseMainPhase(CommonExecutor.java:71)
	at com.kms.katalon.core.main.TestSuiteExecutor.accessTestSuiteMainPhase(TestSuiteExecutor.java:153)
	at com.kms.katalon.core.main.TestSuiteExecutor.execute(TestSuiteExecutor.java:110)
	at com.kms.katalon.core.main.TestCaseMain.startTestSuite(TestCaseMain.java:206)
	at S0701_15.run(S0701_15.groovy:40)
	at java.base/jdk.internal.reflect.DirectMethodHandleAccessor.invoke(DirectMethodHandleAccessor.java:103)
Caused by: java.lang.NullPointerException: Name is null
	at com.kms.katalon.core.mobile.driver.MobileDriverType.valueOf(MobileDriverType.java:1)
	at com.kms.katalon.core.mobile.keyword.internal.MobileDriverFactory.getRemoteMobileDriver(MobileDriverFactory.java:125)
	at com.kms.katalon.core.mobile.keyword.internal.MobileDriverFactory.startMobileDriver(MobileDriverFactory.java:569)
	at com.kms.katalon.core.mobile.keyword.builtin.StartApplicationKeyword$_startApplication_closure1.doCall(StartApplicationKeyword.groovy:89)
	at com.kms.katalon.core.mobile.keyword.builtin.StartApplicationKeyword$_startApplication_closure1.call(StartApplicationKeyword.groovy)
	at com.kms.katalon.core.mobile.keyword.internal.MobileKeywordMain.runKeyword(MobileKeywordMain.groovy:30)
	at com.kms.katalon.core.mobile.keyword.builtin.StartApplicationKeyword.startApplication(StartApplicationKeyword.groovy:91)
	at com.kms.katalon.core.mobile.keyword.builtin.StartApplicationKeyword.execute(StartApplicationKeyword.groovy:48)
	at com.kms.katalon.core.keyword.internal.KeywordExecutor.executeKeywordForPlatform(KeywordExecutor.groovy:104)
	at com.kms.katalon.core.mobile.keyword.MobileBuiltInKeywords.startApplication(MobileBuiltInKeywords.groovy:52)
	at Script1529986178839.run(Script1529986178839.groovy:28)
	... 16 more
)

01-07-2026T15:39:05 - [MESSAGE][INFO] - Starting application: '/Users/nhi.ly/Documents/Work/Repository_Katalon/Protected-Repository/androidapp/APIDemos.apk'

01-07-2026T15:39:05 - [MESSAGE][FAILED] - Unable to start application: '/Users/nhi.ly/Documents/Work/Repository_Katalon/Protected-Repository/androidapp/APIDemos.apk' (Root cause: com.kms.katalon.core.exception.StepFailedException: Unable to start application: '/Users/nhi.ly/Documents/Work/Repository_Katalon/Protected-Repository/androidapp/APIDemos.apk'
	at com.kms.katalon.core.mobile.keyword.internal.MobileKeywordMain.stepFailed(MobileKeywordMain.groovy:65)
	at com.kms.katalon.core.mobile.keyword.internal.MobileKeywordMain.runKeyword(MobileKeywordMain.groovy:34)
	at com.kms.katalon.core.mobile.keyword.builtin.StartApplicationKeyword.startApplication(StartApplicationKeyword.groovy:91)
	at com.kms.katalon.core.mobile.keyword.builtin.StartApplicationKeyword.execute(StartApplicationKeyword.groovy:48)
	at com.kms.katalon.core.keyword.internal.KeywordExecutor.executeKeywordForPlatform(KeywordExecutor.groovy:104)
	at com.kms.katalon.core.mobile.keyword.MobileBuiltInKeywords.startApplication(MobileBuiltInKeywords.groovy:52)
	at Verify Correct Alarm Message 01.run(Verify Correct Alarm Message 01:28)
	at com.kms.katalon.core.main.ScriptEngine.run(ScriptEngine.java:203)
	at com.kms.katalon.core.main.ScriptEngine.runScriptAsRawText(ScriptEngine.java:115)
	at com.kms.katalon.core.main.TestCaseExecutor.runScript(TestCaseExecutor.java:506)
	at com.kms.katalon.core.main.TestCaseExecutor.doExecute(TestCaseExecutor.java:497)
	at com.kms.katalon.core.main.TestCaseExecutor.processExecutionPhase(TestCaseExecutor.java:476)
	at com.kms.katalon.core.main.TestCaseExecutor.accessMainPhase(TestCaseExecutor.java:468)
	at com.kms.katalon.core.main.TestCaseExecutor.execute(TestCaseExecutor.java:334)
	at com.kms.katalon.core.main.TestCaseExecutor.execute(TestCaseExecutor.java:426)
	at com.kms.katalon.core.main.TestCaseExecutor.execute(TestCaseExecutor.java:426)
	at com.kms.katalon.core.main.TestCaseExecutor.execute(TestCaseExecutor.java:426)
	at com.kms.katalon.core.common.CommonExecutor.accessTestCaseMainPhase(CommonExecutor.java:71)
	at com.kms.katalon.core.main.TestSuiteExecutor.accessTestSuiteMainPhase(TestSuiteExecutor.java:153)
	at com.kms.katalon.core.main.TestSuiteExecutor.execute(TestSuiteExecutor.java:110)
	at com.kms.katalon.core.main.TestCaseMain.startTestSuite(TestCaseMain.java:206)
	at S0701_15.run(S0701_15.groovy:40)
	at java.base/jdk.internal.reflect.DirectMethodHandleAccessor.invoke(DirectMethodHandleAccessor.java:103)
Caused by: java.lang.NullPointerException: Name is null
	at com.kms.katalon.core.mobile.driver.MobileDriverType.valueOf(MobileDriverType.java:1)
	at com.kms.katalon.core.mobile.keyword.internal.MobileDriverFactory.getRemoteMobileDriver(MobileDriverFactory.java:125)
	at com.kms.katalon.core.mobile.keyword.internal.MobileDriverFactory.startMobileDriver(MobileDriverFactory.java:569)
	at com.kms.katalon.core.mobile.keyword.builtin.StartApplicationKeyword$_startApplication_closure1.doCall(StartApplicationKeyword.groovy:89)
	at com.kms.katalon.core.mobile.keyword.builtin.StartApplicationKeyword$_startApplication_closure1.call(StartApplicationKeyword.groovy)
	at com.kms.katalon.core.mobile.keyword.internal.MobileKeywordMain.runKeyword(MobileKeywordMain.groovy:30)
	at com.kms.katalon.core.mobile.keyword.builtin.StartApplicationKeyword.startApplication(StartApplicationKeyword.groovy:91)
	at com.kms.katalon.core.mobile.keyword.builtin.StartApplicationKeyword.execute(StartApplicationKeyword.groovy:48)
	at com.kms.katalon.core.keyword.internal.KeywordExecutor.executeKeywordForPlatform(KeywordExecutor.groovy:104)
	at com.kms.katalon.core.mobile.keyword.MobileBuiltInKeywords.startApplication(MobileBuiltInKeywords.groovy:52)
	at Script1529986178839.run(Script1529986178839.groovy:28)
	... 16 more
)]]></system-out>
         <system-err><![CDATA[01-07-2026T15:39:05 - [TEST_CASE][FAILED] - Test Cases/Verify Correct Alarm Message 01: Test Cases/Verify Correct Alarm Message 01 FAILED.
Reason:
com.kms.katalon.core.exception.StepFailedException: Unable to start application: '/Users/nhi.ly/Documents/Work/Repository_Katalon/Protected-Repository/androidapp/APIDemos.apk'
	at com.kms.katalon.core.mobile.keyword.internal.MobileKeywordMain.stepFailed(MobileKeywordMain.groovy:65)
	at com.kms.katalon.core.mobile.keyword.internal.MobileKeywordMain.runKeyword(MobileKeywordMain.groovy:34)
	at com.kms.katalon.core.mobile.keyword.builtin.StartApplicationKeyword.startApplication(StartApplicationKeyword.groovy:91)
	at com.kms.katalon.core.mobile.keyword.builtin.StartApplicationKeyword.execute(StartApplicationKeyword.groovy:48)
	at com.kms.katalon.core.keyword.internal.KeywordExecutor.executeKeywordForPlatform(KeywordExecutor.groovy:104)
	at com.kms.katalon.core.mobile.keyword.MobileBuiltInKeywords.startApplication(MobileBuiltInKeywords.groovy:52)
	at Verify Correct Alarm Message 01.run(Verify Correct Alarm Message 01:28)
	at com.kms.katalon.core.main.ScriptEngine.run(ScriptEngine.java:203)
	at com.kms.katalon.core.main.ScriptEngine.runScriptAsRawText(ScriptEngine.java:115)
	at com.kms.katalon.core.main.TestCaseExecutor.runScript(TestCaseExecutor.java:506)
	at com.kms.katalon.core.main.TestCaseExecutor.doExecute(TestCaseExecutor.java:497)
	at com.kms.katalon.core.main.TestCaseExecutor.processExecutionPhase(TestCaseExecutor.java:476)
	at com.kms.katalon.core.main.TestCaseExecutor.accessMainPhase(TestCaseExecutor.java:468)
	at com.kms.katalon.core.main.TestCaseExecutor.execute(TestCaseExecutor.java:334)
	at com.kms.katalon.core.main.TestCaseExecutor.execute(TestCaseExecutor.java:426)
	at com.kms.katalon.core.main.TestCaseExecutor.execute(TestCaseExecutor.java:426)
	at com.kms.katalon.core.main.TestCaseExecutor.execute(TestCaseExecutor.java:426)
	at com.kms.katalon.core.common.CommonExecutor.accessTestCaseMainPhase(CommonExecutor.java:71)
	at com.kms.katalon.core.main.TestSuiteExecutor.accessTestSuiteMainPhase(TestSuiteExecutor.java:153)
	at com.kms.katalon.core.main.TestSuiteExecutor.execute(TestSuiteExecutor.java:110)
	at com.kms.katalon.core.main.TestCaseMain.startTestSuite(TestCaseMain.java:206)
	at S0701_15.run(S0701_15.groovy:40)
	at java.base/jdk.internal.reflect.DirectMethodHandleAccessor.invoke(DirectMethodHandleAccessor.java:103)
Caused by: java.lang.NullPointerException: Name is null
	at com.kms.katalon.core.mobile.driver.MobileDriverType.valueOf(MobileDriverType.java:1)
	at com.kms.katalon.core.mobile.keyword.internal.MobileDriverFactory.getRemoteMobileDriver(MobileDriverFactory.java:125)
	at com.kms.katalon.core.mobile.keyword.internal.MobileDriverFactory.startMobileDriver(MobileDriverFactory.java:569)
	at com.kms.katalon.core.mobile.keyword.builtin.StartApplicationKeyword$_startApplication_closure1.doCall(StartApplicationKeyword.groovy:89)
	at com.kms.katalon.core.mobile.keyword.builtin.StartApplicationKeyword$_startApplication_closure1.call(StartApplicationKeyword.groovy)
	at com.kms.katalon.core.mobile.keyword.internal.MobileKeywordMain.runKeyword(MobileKeywordMain.groovy:30)
	... 21 more]]></system-err>
      </testcase>
      <system-out><![CDATA[01-07-2026T15:39:04 - [TEST_STEP][PASSED] - Start listener action : sampleBeforeTestSuite: null

01-07-2026T15:39:04 - [TEST_STEP][PASSED] - KatalonHelper.updateInfo(): null

01-07-2026T15:39:04 - [TEST_SUITE][FAILED] - test align: null]]></system-out>
      <system-err><![CDATA[01-07-2026T15:39:04 - [TEST_SUITE][FAILED] - test align: null]]></system-err>
   </testsuite>
</testsuites>
